TN:
SF:src/App.tsx
FN:1,(empty-report)
FNF:1
FNH:0
FNDA:0,(empty-report)
DA:1,0
DA:2,0
DA:3,0
DA:4,0
DA:5,0
DA:6,0
DA:7,0
DA:8,0
DA:9,0
DA:10,0
DA:11,0
DA:12,0
DA:13,0
LF:13
LH:0
BRDA:1,0,0,0
BRF:1
BRH:0
end_of_record
TN:
SF:src/main.tsx
FN:1,(empty-report)
FNF:1
FNH:0
FNDA:0,(empty-report)
DA:1,0
DA:2,0
DA:3,0
DA:4,0
DA:5,0
DA:6,0
DA:7,0
DA:8,0
DA:9,0
DA:10,0
DA:11,0
DA:12,0
DA:13,0
DA:14,0
DA:15,0
DA:16,0
DA:17,0
DA:18,0
DA:19,0
DA:20,0
DA:21,0
LF:21
LH:0
BRDA:1,0,0,0
BRF:1
BRH:0
end_of_record
TN:
SF:src/components/ai/AISidePanel.tsx
FN:12,AISidePanel
FN:31,onClick
FN:39,onClick
FN:50,onClick
FNF:4
FNH:3
FNDA:25,AISidePanel
FNDA:0,onClick
FNDA:1,onClick
FNDA:2,onClick
DA:1,1
DA:2,1
DA:3,1
DA:4,1
DA:5,1
DA:6,1
DA:7,1
DA:8,1
DA:9,1
DA:10,1
DA:11,1
DA:12,25
DA:13,25
DA:14,25
DA:15,25
DA:16,25
DA:17,25
DA:18,9
DA:19,9
DA:20,9
DA:21,9
DA:22,9
DA:23,9
DA:24,9
DA:25,9
DA:26,9
DA:27,9
DA:28,9
DA:29,9
DA:30,9
DA:31,9
DA:32,9
DA:33,9
DA:34,9
DA:35,9
DA:36,9
DA:37,9
DA:38,9
DA:39,9
DA:40,9
DA:41,9
DA:42,9
DA:43,9
DA:44,9
DA:45,9
DA:46,9
DA:47,9
DA:48,27
DA:49,27
DA:50,27
DA:51,27
DA:52,27
DA:53,27
DA:54,9
DA:55,18
DA:56,27
DA:57,27
DA:58,27
DA:59,27
DA:60,9
DA:61,9
DA:62,9
DA:63,9
DA:64,9
DA:65,4
DA:66,4
DA:67,4
DA:68,5
DA:69,3
DA:70,2
DA:71,1
DA:72,1
DA:73,1
DA:74,25
DA:75,25
DA:76,25
DA:77,25
DA:78,25
DA:79,25
LF:79
LH:79
BRDA:12,0,0,25
BRDA:17,1,0,16
BRDA:17,2,0,11
BRDA:17,3,0,9
BRDA:64,4,0,4
BRDA:67,5,0,5
BRDA:68,6,0,3
BRDA:69,7,0,2
BRDA:70,8,0,1
BRDA:71,9,0,1
BRDA:39,10,0,1
BRDA:47,11,0,27
BRDA:53,12,0,9
BRDA:54,13,0,18
BRDA:50,14,0,2
BRF:15
BRH:15
end_of_record
TN:
SF:src/components/ai/AITab.tsx
FN:23,AITab
FN:59,handleClickOutside
FN:74,handleSearchKeyDown
FN:106,onChange
FN:110,onFocus
FN:146,onClick
FN:168,onSelect
FNF:7
FNH:1
FNDA:15,AITab
FNDA:0,handleClickOutside
FNDA:0,handleSearchKeyDown
FNDA:0,onChange
FNDA:0,onFocus
FNDA:0,onClick
FNDA:0,onSelect
DA:1,1
DA:2,1
DA:3,1
DA:4,1
DA:5,1
DA:6,1
DA:7,1
DA:8,1
DA:9,1
DA:10,1
DA:11,1
DA:12,1
DA:13,1
DA:14,1
DA:15,1
DA:16,1
DA:17,1
DA:18,1
DA:19,1
DA:20,1
DA:21,1
DA:22,1
DA:23,15
DA:24,15
DA:25,15
DA:26,15
DA:27,15
DA:28,15
DA:29,15
DA:30,15
DA:31,15
DA:32,15
DA:33,15
DA:34,15
DA:35,15
DA:36,15
DA:37,15
DA:38,15
DA:39,15
DA:40,0
DA:41,15
DA:42,15
DA:43,7
DA:44,7
DA:45,7
DA:46,7
DA:47,0
DA:48,0
DA:49,0
DA:50,0
DA:51,0
DA:52,0
DA:53,0
DA:54,0
DA:55,0
DA:56,15
DA:57,15
DA:58,15
DA:59,7
DA:60,0
DA:61,0
DA:62,0
DA:63,0
DA:64,7
DA:65,7
DA:66,15
DA:67,15
DA:68,15
DA:69,0
DA:70,0
DA:71,0
DA:72,15
DA:73,15
DA:74,15
DA:75,0
DA:76,0
DA:77,0
DA:78,0
DA:79,0
DA:80,0
DA:81,0
DA:82,0
DA:83,15
DA:84,15
DA:85,12
DA:86,3
DA:87,3
DA:88,3
DA:89,3
DA:90,3
DA:91,15
DA:92,15
DA:93,15
DA:94,15
DA:95,2
DA:96,2
DA:97,2
DA:98,2
DA:99,15
DA:100,15
DA:101,15
DA:102,15
DA:103,15
DA:104,15
DA:105,15
DA:106,15
DA:107,0
DA:108,0
DA:109,0
DA:110,15
DA:111,15
DA:112,15
DA:113,15
DA:114,15
DA:115,15
DA:116,0
DA:117,0
DA:118,0
DA:119,0
DA:120,0
DA:121,0
DA:122,0
DA:123,0
DA:124,0
DA:125,0
DA:126,0
DA:127,0
DA:128,0
DA:129,0
DA:130,15
DA:131,15
DA:132,15
DA:133,15
DA:134,15
DA:135,15
DA:136,15
DA:137,15
DA:138,15
DA:139,15
DA:140,15
DA:141,15
DA:142,15
DA:143,15
DA:144,75
DA:145,75
DA:146,75
DA:147,75
DA:148,75
DA:149,15
DA:150,60
DA:151,75
DA:152,75
DA:153,75
DA:154,75
DA:155,15
DA:156,15
DA:157,15
DA:158,15
DA:159,0
DA:160,15
DA:161,15
DA:162,15
DA:163,15
DA:164,15
DA:165,15
DA:166,15
DA:167,15
DA:168,15
DA:169,0
DA:170,0
DA:171,15
DA:172,15
DA:173,15
DA:174,15
DA:175,15
DA:176,15
DA:177,15
DA:178,15
DA:179,15
DA:180,15
DA:181,15
DA:182,15
DA:183,15
DA:184,15
DA:185,15
DA:186,15
DA:187,15
DA:188,15
DA:189,15
DA:190,15
DA:191,0
DA:192,0
DA:193,0
DA:194,0
DA:195,0
DA:196,0
DA:197,15
DA:198,15
DA:199,15
DA:200,15
LF:200
LH:149
BRDA:23,0,0,15
BRDA:35,1,0,2
BRDA:35,2,0,13
BRDA:39,3,0,0
BRDA:84,4,0,12
BRDA:85,5,0,3
BRDA:94,6,0,2
BRDA:115,7,0,0
BRDA:115,8,0,0
BRDA:138,9,0,0
BRDA:158,10,0,0
BRDA:171,11,0,0
BRDA:185,12,0,0
BRDA:190,13,0,0
BRDA:30,14,0,15
BRDA:31,15,0,16
BRDA:42,16,0,7
BRDA:46,17,0,0
BRDA:58,18,0,7
BRDA:65,19,0,7
BRDA:86,20,0,3
BRDA:89,21,0,0
BRDA:143,22,0,75
BRDA:148,23,0,15
BRDA:149,24,0,60
BRF:25
BRH:15
end_of_record
TN:
SF:src/components/ai/AnalysisHistory.tsx
FN:12,formatDate
FN:18,actionColor
FN:27,convictionWeight
FN:35,AnalysisHistory
FN:68,onClick
FNF:5
FNH:5
FNDA:36,formatDate
FNDA:36,actionColor
FNDA:36,convictionWeight
FNDA:25,AnalysisHistory
FNDA:2,onClick
DA:1,1
DA:2,1
DA:3,1
DA:4,1
DA:5,1
DA:6,1
DA:7,1
DA:8,1
DA:9,1
DA:10,1
DA:11,1
DA:12,36
DA:13,36
DA:14,36
DA:15,36
DA:16,36
DA:17,1
DA:18,36
DA:19,36
DA:20,36
DA:21,36
DA:22,36
DA:23,36
DA:24,36
DA:25,36
DA:26,1
DA:27,36
DA:28,36
DA:29,36
DA:30,36
DA:31,36
DA:32,36
DA:33,36
DA:34,1
DA:35,25
DA:36,25
DA:37,25
DA:38,25
DA:39,25
DA:40,25
DA:41,25
DA:42,25
DA:43,1
DA:44,1
DA:45,1
DA:46,3
DA:47,1
DA:48,1
DA:49,1
DA:50,1
DA:51,24
DA:52,25
DA:53,4
DA:54,4
DA:55,4
DA:56,4
DA:57,4
DA:58,4
DA:59,20
DA:60,20
DA:61,20
DA:62,20
DA:63,36
DA:64,36
DA:65,36
DA:66,36
DA:67,36
DA:68,36
DA:69,2
DA:70,2
DA:71,2
DA:72,36
DA:73,36
DA:74,36
DA:75,36
DA:76,36
DA:77,36
DA:78,36
DA:79,36
DA:80,36
DA:81,36
DA:82,36
DA:83,36
DA:84,36
DA:85,36
DA:86,36
DA:87,36
DA:88,36
DA:89,36
DA:90,36
DA:91,2
DA:92,2
DA:93,2
DA:94,2
DA:95,2
DA:96,2
DA:97,0
DA:98,2
DA:99,2
DA:100,36
DA:101,36
DA:102,36
DA:103,20
DA:104,20
DA:105,20
DA:106,20
LF:106
LH:105
BRDA:12,0,0,36
BRDA:18,1,0,36
BRDA:20,2,0,20
BRDA:21,3,0,8
BRDA:22,4,0,8
BRDA:23,5,0,0
BRDA:27,6,0,36
BRDA:29,7,0,20
BRDA:30,8,0,8
BRDA:31,9,0,8
BRDA:35,10,0,25
BRDA:42,11,0,1
BRDA:50,12,0,24
BRDA:52,13,0,4
BRDA:58,14,0,20
BRDA:39,15,0,16
BRDA:45,16,0,3
BRDA:62,17,0,36
BRDA:86,18,0,2
BRDA:90,19,0,2
BRDA:96,20,0,0
BRDA:68,21,0,2
BRDA:69,22,0,0
BRF:23
BRH:20
end_of_record
TN:
SF:src/components/ai/AnalysisView.tsx
FN:9,rrColor
FN:15,sentimentColor
FN:22,AnalysisView
FNF:3
FNH:3
FNDA:12,rrColor
FNDA:5,sentimentColor
FNDA:12,AnalysisView
DA:1,1
DA:2,1
DA:3,1
DA:4,1
DA:5,1
DA:6,1
DA:7,1
DA:8,1
DA:9,12
DA:10,12
DA:11,0
DA:12,0
DA:13,0
DA:14,1
DA:15,5
DA:16,5
DA:17,5
DA:18,2
DA:19,0
DA:20,0
DA:21,1
DA:22,12
DA:23,12
DA:24,12
DA:25,12
DA:26,12
DA:27,12
DA:28,1
DA:29,11
DA:30,12
DA:31,12
DA:32,12
DA:33,12
DA:34,12
DA:35,12
DA:36,12
DA:37,12
DA:38,12
DA:39,12
DA:40,12
DA:41,12
DA:42,1
DA:43,1
DA:44,1
DA:45,12
DA:46,12
DA:47,12
DA:48,12
DA:49,12
DA:50,12
DA:51,12
DA:52,12
DA:53,12
DA:54,12
DA:55,12
DA:56,12
DA:57,12
DA:58,12
DA:59,12
DA:60,12
DA:61,12
DA:62,12
DA:63,12
DA:64,12
DA:65,12
DA:66,12
DA:67,12
DA:68,12
DA:69,12
DA:70,12
DA:71,12
DA:72,12
DA:73,12
DA:74,12
DA:75,12
DA:76,12
DA:77,12
DA:78,12
DA:79,12
DA:80,12
DA:81,12
DA:82,12
DA:83,12
DA:84,12
DA:85,12
DA:86,12
DA:87,12
DA:88,12
DA:89,12
DA:90,12
DA:91,1
DA:92,1
DA:93,1
DA:94,1
DA:95,1
DA:96,1
DA:97,2
DA:98,2
DA:99,2
DA:100,2
DA:101,2
DA:102,2
DA:103,2
DA:104,2
DA:105,2
DA:106,1
DA:107,1
DA:108,1
DA:109,12
DA:110,12
DA:111,12
DA:112,1
DA:113,1
DA:114,1
DA:115,1
DA:116,1
DA:117,1
DA:118,1
DA:119,1
DA:120,1
DA:121,1
DA:122,1
DA:123,1
DA:124,1
DA:125,1
DA:126,1
DA:127,1
DA:128,12
DA:129,12
DA:130,12
DA:131,2
DA:132,2
DA:133,2
DA:134,2
DA:135,2
DA:136,2
DA:137,5
DA:138,5
DA:139,5
DA:140,5
DA:141,5
DA:142,5
DA:143,5
DA:144,5
DA:145,5
DA:146,5
DA:147,5
DA:148,5
DA:149,5
DA:150,5
DA:151,5
DA:152,5
DA:153,2
DA:154,2
DA:155,2
DA:156,12
DA:157,12
DA:158,12
DA:159,12
LF:159
LH:154
BRDA:9,0,0,12
BRDA:10,1,0,0
BRDA:15,2,0,5
BRDA:17,3,0,3
BRDA:17,4,0,2
BRDA:18,5,0,0
BRDA:22,6,0,12
BRDA:27,7,0,1
BRDA:28,8,0,11
BRDA:41,9,0,1
BRDA:90,10,0,1
BRDA:111,11,0,1
BRDA:111,12,0,1
BRDA:130,13,0,2
BRDA:130,14,0,2
BRDA:96,15,0,2
BRDA:103,16,0,0
BRDA:117,17,0,1
BRDA:136,18,0,5
BRDA:144,19,0,0
BRDA:147,20,0,0
BRF:21
BRH:16
end_of_record
TN:
SF:src/components/ai/ChatPanel.tsx
FN:13,ChatPanel
FN:24,handleSend
FN:31,handleKeyDown
FN:90,onChange
FNF:4
FNH:4
FNDA:27,ChatPanel
FNDA:3,handleSend
FNDA:2,handleKeyDown
FNDA:3,onChange
DA:1,1
DA:2,1
DA:3,1
DA:4,1
DA:5,1
DA:6,1
DA:7,1
DA:8,1
DA:9,1
DA:10,1
DA:11,1
DA:12,1
DA:13,27
DA:14,27
DA:15,27
DA:16,27
DA:17,27
DA:18,27
DA:19,22
DA:20,22
DA:21,22
DA:22,27
DA:23,27
DA:24,27
DA:25,3
DA:26,3
DA:27,2
DA:28,2
DA:29,3
DA:30,27
DA:31,27
DA:32,2
DA:33,2
DA:34,2
DA:35,2
DA:36,2
DA:37,27
DA:38,27
DA:39,27
DA:40,27
DA:41,27
DA:42,27
DA:43,27
DA:44,27
DA:45,10
DA:46,10
DA:47,10
DA:48,10
DA:49,10
DA:50,17
DA:51,17
DA:52,38
DA:53,38
DA:54,38
DA:55,38
DA:56,38
DA:57,38
DA:58,38
DA:59,38
DA:60,38
DA:61,38
DA:62,38
DA:63,19
DA:64,19
DA:65,38
DA:66,38
DA:67,38
DA:68,38
DA:69,2
DA:70,2
DA:71,2
DA:72,2
DA:73,2
DA:74,2
DA:75,4
DA:76,2
DA:77,2
DA:78,2
DA:79,38
DA:80,38
DA:81,38
DA:82,17
DA:83,27
DA:84,27
DA:85,27
DA:86,27
DA:87,27
DA:88,27
DA:89,27
DA:90,27
DA:91,27
DA:92,27
DA:93,27
DA:94,27
DA:95,27
DA:96,27
DA:97,27
DA:98,27
DA:99,27
DA:100,27
DA:101,27
DA:102,27
DA:103,27
DA:104,27
DA:105,27
DA:106,27
DA:107,27
LF:107
LH:107
BRDA:13,0,0,27
BRDA:44,1,0,10
BRDA:49,2,0,17
BRDA:98,3,0,26
BRDA:18,4,0,22
BRDA:24,5,0,3
BRDA:26,6,0,1
BRDA:26,7,0,2
BRDA:31,8,0,2
BRDA:51,9,0,38
BRDA:56,10,0,19
BRDA:56,11,0,19
BRDA:62,12,0,19
BRDA:63,13,0,19
BRDA:68,14,0,19
BRDA:68,15,0,2
BRDA:68,16,0,2
BRDA:74,17,0,4
BRDA:90,18,0,3
BRF:19
BRH:19
end_of_record
TN:
SF:src/components/ai/IntelligencePanel.tsx
FN:10,rrColor
FN:16,sentimentColor
FN:23,Badge
FN:37,SectionHeader
FN:45,Skeleton
FN:58,IntelligencePanel
FNF:6
FNH:6
FNDA:24,rrColor
FNDA:18,sentimentColor
FNDA:27,Badge
FNDA:84,SectionHeader
FNDA:1,Skeleton
FNDA:26,IntelligencePanel
DA:1,1
DA:2,1
DA:3,1
DA:4,1
DA:5,1
DA:6,1
DA:7,1
DA:8,1
DA:9,1
DA:10,24
DA:11,24
DA:12,0
DA:13,0
DA:14,0
DA:15,1
DA:16,18
DA:17,18
DA:18,18
DA:19,18
DA:20,9
DA:21,9
DA:22,1
DA:23,27
DA:24,27
DA:25,27
DA:26,27
DA:27,27
DA:28,27
DA:29,27
DA:30,27
DA:31,27
DA:32,27
DA:33,27
DA:34,27
DA:35,27
DA:36,1
DA:37,84
DA:38,84
DA:39,84
DA:40,84
DA:41,84
DA:42,84
DA:43,84
DA:44,1
DA:45,1
DA:46,1
DA:47,1
DA:48,1
DA:49,1
DA:50,1
DA:51,1
DA:52,1
DA:53,1
DA:54,1
DA:55,1
DA:56,1
DA:57,1
DA:58,26
DA:59,26
DA:60,26
DA:61,26
DA:62,1
DA:63,1
DA:64,1
DA:65,1
DA:66,1
DA:67,1
DA:68,24
DA:69,24
DA:70,9
DA:71,15
DA:72,26
DA:73,26
DA:74,9
DA:75,15
DA:76,26
DA:77,26
DA:78,9
DA:79,15
DA:80,26
DA:81,26
DA:82,26
DA:83,26
DA:84,26
DA:85,26
DA:86,26
DA:87,26
DA:88,9
DA:89,9
DA:90,9
DA:91,9
DA:92,26
DA:93,26
DA:94,26
DA:95,26
DA:96,26
DA:97,26
DA:98,26
DA:99,26
DA:100,26
DA:101,26
DA:102,26
DA:103,26
DA:104,26
DA:105,26
DA:106,26
DA:107,26
DA:108,26
DA:109,26
DA:110,26
DA:111,26
DA:112,26
DA:113,26
DA:114,26
DA:115,26
DA:116,26
DA:117,26
DA:118,26
DA:119,26
DA:120,26
DA:121,26
DA:122,26
DA:123,26
DA:124,26
DA:125,26
DA:126,26
DA:127,26
DA:128,26
DA:129,26
DA:130,26
DA:131,26
DA:132,26
DA:133,26
DA:134,26
DA:135,26
DA:136,26
DA:137,26
DA:138,9
DA:139,9
DA:140,9
DA:141,9
DA:142,18
DA:143,18
DA:144,18
DA:145,18
DA:146,18
DA:147,18
DA:148,18
DA:149,18
DA:150,18
DA:151,18
DA:152,18
DA:153,18
DA:154,18
DA:155,18
DA:156,18
DA:157,18
DA:158,18
DA:159,9
DA:160,9
DA:161,9
DA:162,26
DA:163,26
DA:164,26
DA:165,9
DA:166,9
DA:167,9
DA:168,9
DA:169,9
DA:170,9
DA:171,9
DA:172,9
DA:173,9
DA:174,9
DA:175,9
DA:176,9
DA:177,9
DA:178,9
DA:179,9
DA:180,9
DA:181,9
DA:182,9
DA:183,9
DA:184,26
DA:185,26
DA:186,26
DA:187,9
DA:188,9
DA:189,9
DA:190,9
DA:191,9
DA:192,9
DA:193,9
DA:194,9
DA:195,9
DA:196,9
DA:197,9
DA:198,9
DA:199,9
DA:200,9
DA:201,9
DA:202,9
DA:203,9
DA:204,9
DA:205,9
DA:206,9
DA:207,9
DA:208,9
DA:209,26
DA:210,26
DA:211,26
DA:212,9
DA:213,9
DA:214,9
DA:215,9
DA:216,18
DA:217,18
DA:218,18
DA:219,18
DA:220,18
DA:221,18
DA:222,18
DA:223,18
DA:224,18
DA:225,18
DA:226,18
DA:227,9
DA:228,9
DA:229,9
DA:230,26
DA:231,26
DA:232,26
DA:233,26
LF:233
LH:230
BRDA:10,0,0,24
BRDA:11,1,0,0
BRDA:16,2,0,18
BRDA:18,3,0,9
BRDA:19,4,0,0
BRDA:19,5,0,9
BRDA:23,6,0,27
BRDA:37,7,0,84
BRDA:45,8,0,1
BRDA:58,9,0,26
BRDA:60,10,0,1
BRDA:60,11,0,25
BRDA:61,12,0,1
BRDA:67,13,0,24
BRDA:69,14,0,9
BRDA:70,15,0,15
BRDA:73,16,0,9
BRDA:74,17,0,15
BRDA:77,18,0,9
BRDA:78,19,0,15
BRDA:87,20,0,9
BRDA:137,21,0,9
BRDA:164,22,0,9
BRDA:186,23,0,9
BRDA:211,24,0,9
BRDA:211,25,0,9
BRDA:141,26,0,18
BRDA:150,27,0,0
BRDA:168,28,0,9
BRDA:190,29,0,9
BRDA:195,30,0,0
BRDA:196,31,0,0
BRDA:215,32,0,18
BRDA:217,33,0,0
BRDA:218,34,0,0
BRF:35
BRH:28
end_of_record
TN:
SF:src/components/ai/PlanView.tsx
FN:9,PlanView
FNF:1
FNH:1
FNDA:4,PlanView
DA:1,1
DA:2,1
DA:3,1
DA:4,1
DA:5,1
DA:6,1
DA:7,1
DA:8,1
DA:9,4
DA:10,4
DA:11,4
DA:12,4
DA:13,4
DA:14,4
DA:15,4
DA:16,4
DA:17,4
DA:18,4
DA:19,4
LF:19
LH:19
BRDA:9,0,0,4
BRF:1
BRH:1
end_of_record
TN:
SF:src/components/ai/PositionReview.tsx
FN:20,statusColor
FN:28,PositionReview
FNF:2
FNH:2
FNDA:4,statusColor
FNDA:11,PositionReview
DA:1,1
DA:2,1
DA:3,1
DA:4,1
DA:5,1
DA:6,1
DA:7,1
DA:8,1
DA:9,1
DA:10,1
DA:11,1
DA:12,1
DA:13,1
DA:14,1
DA:15,1
DA:16,1
DA:17,1
DA:18,1
DA:19,1
DA:20,4
DA:21,4
DA:22,4
DA:23,4
DA:24,4
DA:25,4
DA:26,4
DA:27,1
DA:28,11
DA:29,11
DA:30,11
DA:31,11
DA:32,11
DA:33,11
DA:34,11
DA:35,6
DA:36,6
DA:37,6
DA:38,6
DA:39,6
DA:40,4
DA:41,6
DA:42,6
DA:43,1
DA:44,6
DA:45,6
DA:46,5
DA:47,6
DA:48,6
DA:49,11
DA:50,11
DA:51,11
DA:52,6
DA:53,6
DA:54,6
DA:55,6
DA:56,6
DA:57,6
DA:58,5
DA:59,11
DA:60,1
DA:61,1
DA:62,1
DA:63,1
DA:64,1
DA:65,1
DA:66,4
DA:67,4
DA:68,4
DA:69,4
DA:70,4
DA:71,4
DA:72,4
DA:73,4
DA:74,4
DA:75,4
DA:76,4
DA:77,4
DA:78,4
DA:79,4
DA:80,4
DA:81,4
DA:82,4
DA:83,4
DA:84,4
DA:85,4
DA:86,4
DA:87,4
DA:88,4
DA:89,4
DA:90,4
DA:91,4
DA:92,4
DA:93,4
DA:94,4
DA:95,4
DA:96,4
DA:97,11
DA:98,11
DA:99,11
DA:100,11
DA:101,11
DA:102,11
DA:103,11
DA:104,11
DA:105,11
DA:106,11
DA:107,11
DA:108,11
LF:108
LH:108
BRDA:20,0,0,4
BRDA:23,1,0,0
BRDA:24,2,0,0
BRDA:28,3,0,11
BRDA:51,4,0,6
BRDA:57,5,0,5
BRDA:59,6,0,4
BRDA:59,7,0,1
BRDA:65,8,0,4
BRDA:34,9,0,6
BRDA:39,10,0,4
BRDA:42,11,0,1
BRDA:43,12,0,0
BRDA:45,13,0,5
BRDA:48,14,0,6
BRF:15
BRH:12
end_of_record
TN:
SF:src/components/ai/ThesisView.tsx
FN:9,statusBadge
FN:29,ThesisView
FNF:2
FNH:2
FNDA:8,statusBadge
FNDA:8,ThesisView
DA:1,1
DA:2,1
DA:3,1
DA:4,1
DA:5,1
DA:6,1
DA:7,1
DA:8,1
DA:9,8
DA:10,8
DA:11,8
DA:12,1
DA:13,1
DA:14,1
DA:15,1
DA:16,8
DA:17,1
DA:18,1
DA:19,1
DA:20,1
DA:21,8
DA:22,6
DA:23,6
DA:24,6
DA:25,6
DA:26,8
DA:27,8
DA:28,1
DA:29,8
DA:30,8
DA:31,8
DA:32,8
DA:33,8
DA:34,8
DA:35,7
DA:36,1
DA:37,8
DA:38,8
DA:39,8
DA:40,8
DA:41,8
DA:42,8
DA:43,8
DA:44,8
DA:45,8
DA:46,8
DA:47,8
DA:48,8
DA:49,8
DA:50,8
DA:51,8
DA:52,8
DA:53,8
DA:54,1
DA:55,1
DA:56,1
DA:57,1
DA:58,1
DA:59,1
DA:60,1
DA:61,1
DA:62,8
DA:63,8
DA:64,8
DA:65,1
DA:66,1
DA:67,1
DA:68,1
DA:69,1
DA:70,1
DA:71,1
DA:72,1
DA:73,8
DA:74,8
DA:75,8
DA:76,2
DA:77,2
DA:78,2
DA:79,2
DA:80,2
DA:81,2
DA:82,2
DA:83,2
DA:84,2
DA:85,2
DA:86,2
DA:87,2
DA:88,2
DA:89,2
DA:90,2
DA:91,2
DA:92,2
DA:93,2
DA:94,2
DA:95,2
DA:96,1
DA:97,1
DA:98,2
DA:99,2
DA:100,2
DA:101,2
DA:102,2
DA:103,2
DA:104,2
DA:105,2
DA:106,2
DA:107,2
DA:108,2
DA:109,2
DA:110,2
DA:111,2
DA:112,2
DA:113,2
DA:114,2
DA:115,2
DA:116,2
DA:117,2
DA:118,2
DA:119,8
DA:120,8
DA:121,8
DA:122,8
LF:122
LH:122
BRDA:9,0,0,8
BRDA:10,1,0,2
BRDA:11,2,0,1
BRDA:16,3,0,1
BRDA:21,4,0,6
BRDA:29,5,0,8
BRDA:53,6,0,1
BRDA:64,7,0,1
BRDA:75,8,0,2
BRDA:33,9,0,8
BRDA:34,10,0,6
BRDA:34,11,0,7
BRDA:34,12,0,2
BRDA:35,13,0,1
BRDA:81,14,0,2
BRDA:83,15,0,0
BRDA:84,16,0,0
BRDA:85,17,0,1
BRDA:85,18,0,1
BRDA:95,19,0,1
BRDA:96,20,0,1
BRF:21
BRH:19
end_of_record
TN:
SF:src/components/dailyreview/DailyReviewTab.tsx
FN:1,(empty-report)
FNF:1
FNH:0
FNDA:0,(empty-report)
DA:1,0
DA:2,0
DA:3,0
DA:4,0
DA:5,0
DA:6,0
DA:7,0
DA:8,0
DA:9,0
DA:10,0
DA:11,0
DA:12,0
DA:13,0
DA:14,0
DA:15,0
DA:16,0
DA:17,0
DA:18,0
DA:19,0
DA:20,0
DA:21,0
DA:22,0
DA:23,0
DA:24,0
DA:25,0
DA:26,0
DA:27,0
DA:28,0
DA:29,0
DA:30,0
DA:31,0
DA:32,0
DA:33,0
DA:34,0
DA:35,0
DA:36,0
DA:37,0
DA:38,0
DA:39,0
DA:40,0
DA:41,0
DA:42,0
DA:43,0
DA:44,0
DA:45,0
DA:46,0
DA:47,0
DA:48,0
DA:49,0
DA:50,0
DA:51,0
DA:52,0
DA:53,0
DA:54,0
DA:55,0
DA:56,0
DA:57,0
DA:58,0
DA:59,0
DA:60,0
DA:61,0
DA:62,0
DA:63,0
DA:64,0
DA:65,0
DA:66,0
DA:67,0
DA:68,0
DA:69,0
DA:70,0
DA:71,0
DA:72,0
DA:73,0
DA:74,0
DA:75,0
DA:76,0
DA:77,0
DA:78,0
DA:79,0
DA:80,0
DA:81,0
DA:82,0
DA:83,0
DA:84,0
DA:85,0
DA:86,0
DA:87,0
DA:88,0
DA:89,0
DA:90,0
DA:91,0
DA:92,0
DA:93,0
DA:94,0
DA:95,0
DA:96,0
DA:97,0
DA:98,0
DA:99,0
DA:100,0
DA:101,0
DA:102,0
DA:103,0
DA:104,0
DA:105,0
DA:106,0
DA:107,0
DA:108,0
DA:109,0
DA:110,0
DA:111,0
DA:112,0
DA:113,0
DA:114,0
DA:115,0
DA:116,0
DA:117,0
DA:118,0
DA:119,0
DA:120,0
DA:121,0
DA:122,0
DA:123,0
DA:124,0
DA:125,0
DA:126,0
DA:127,0
DA:128,0
DA:129,0
DA:130,0
DA:131,0
DA:132,0
DA:133,0
DA:134,0
DA:135,0
DA:136,0
DA:137,0
DA:138,0
DA:139,0
DA:140,0
DA:141,0
DA:142,0
DA:143,0
DA:144,0
DA:145,0
DA:146,0
DA:147,0
DA:148,0
DA:149,0
DA:150,0
DA:151,0
DA:152,0
DA:153,0
DA:154,0
LF:154
LH:0
BRDA:1,0,0,0
BRF:1
BRH:0
end_of_record
TN:
SF:src/components/dailyreview/KPICards.tsx
FN:14,SkeletonCard
FN:24,KpiCard
FN:49,KPICards
FNF:3
FNH:3
FNDA:4,SkeletonCard
FNDA:20,KpiCard
FNDA:6,KPICards
DA:1,1
DA:2,1
DA:3,1
DA:4,1
DA:5,1
DA:6,1
DA:7,1
DA:8,1
DA:9,1
DA:10,1
DA:11,1
DA:12,1
DA:13,1
DA:14,4
DA:15,4
DA:16,4
DA:17,4
DA:18,4
DA:19,4
DA:20,4
DA:21,4
DA:22,4
DA:23,1
DA:24,20
DA:25,20
DA:26,20
DA:27,20
DA:28,20
DA:29,20
DA:30,20
DA:31,20
DA:32,20
DA:33,20
DA:34,20
DA:35,20
DA:36,20
DA:37,20
DA:38,20
DA:39,20
DA:40,20
DA:41,20
DA:42,20
DA:43,20
DA:44,20
DA:45,20
DA:46,20
DA:47,20
DA:48,1
DA:49,6
DA:50,6
DA:51,6
DA:52,1
DA:53,1
DA:54,1
DA:55,1
DA:56,1
DA:57,1
DA:58,1
DA:59,1
DA:60,1
DA:61,5
DA:62,5
DA:63,5
DA:64,5
DA:65,5
DA:66,0
DA:67,6
DA:68,6
DA:69,6
DA:70,6
DA:71,6
DA:72,6
DA:73,6
DA:74,6
DA:75,6
DA:76,6
DA:77,6
DA:78,6
DA:79,6
DA:80,6
DA:81,6
DA:82,6
DA:83,6
DA:84,6
DA:85,6
DA:86,6
DA:87,6
DA:88,6
DA:89,6
DA:90,6
DA:91,6
DA:92,6
DA:93,6
DA:94,6
DA:95,6
DA:96,6
DA:97,6
DA:98,6
DA:99,6
DA:100,6
DA:101,6
LF:101
LH:100
BRDA:14,0,0,4
BRDA:24,1,0,20
BRDA:39,2,0,10
BRDA:44,3,0,15
BRDA:49,4,0,6
BRDA:51,5,0,1
BRDA:60,6,0,5
BRDA:65,7,0,0
BRDA:69,8,0,5
BRDA:69,9,0,0
BRDA:81,10,0,5
BRDA:81,11,0,0
BRDA:87,12,0,5
BRDA:87,13,0,5
BRDA:87,14,0,0
BRDA:63,15,0,10
BRDA:65,16,0,10
BRDA:69,17,0,5
BRF:18
BRH:14
end_of_record
TN:
SF:src/components/dailyreview/PositionsList.tsx
FN:12,plR
FN:24,SkeletonRow
FN:36,PositionsList
FN:90,onClick
FNF:4
FNH:3
FNDA:10,plR
FNDA:3,SkeletonRow
FNDA:12,PositionsList
FNDA:0,onClick
DA:1,1
DA:2,1
DA:3,1
DA:4,1
DA:5,1
DA:6,1
DA:7,1
DA:8,1
DA:9,1
DA:10,1
DA:11,1
DA:12,10
DA:13,10
DA:14,10
DA:15,2
DA:16,2
DA:17,2
DA:18,2
DA:19,8
DA:20,10
DA:21,8
DA:22,8
DA:23,1
DA:24,3
DA:25,3
DA:26,3
DA:27,3
DA:28,24
DA:29,24
DA:30,24
DA:31,3
DA:32,3
DA:33,3
DA:34,3
DA:35,1
DA:36,12
DA:37,12
DA:38,12
DA:39,12
DA:40,1
DA:41,1
DA:42,1
DA:43,1
DA:44,1
DA:45,1
DA:46,3
DA:47,1
DA:48,1
DA:49,1
DA:50,1
DA:51,1
DA:52,1
DA:53,11
DA:54,12
DA:55,1
DA:56,1
DA:57,1
DA:58,1
DA:59,1
DA:60,1
DA:61,1
DA:62,10
DA:63,10
DA:64,10
DA:65,10
DA:66,10
DA:67,10
DA:68,10
DA:69,10
DA:70,10
DA:71,10
DA:72,10
DA:73,10
DA:74,10
DA:75,10
DA:76,10
DA:77,10
DA:78,10
DA:79,10
DA:80,10
DA:81,10
DA:82,10
DA:83,10
DA:84,10
DA:85,10
DA:86,10
DA:87,10
DA:88,10
DA:89,10
DA:90,10
DA:91,10
DA:92,10
DA:93,10
DA:94,10
DA:95,10
DA:96,10
DA:97,10
DA:98,10
DA:99,10
DA:100,10
DA:101,10
DA:102,10
DA:103,10
DA:104,10
DA:105,10
DA:106,10
DA:107,10
DA:108,10
DA:109,10
DA:110,10
DA:111,10
DA:112,10
DA:113,10
DA:114,10
DA:115,10
DA:116,10
DA:117,10
DA:118,10
DA:119,10
DA:120,10
DA:121,10
DA:122,10
DA:123,10
DA:124,10
DA:125,10
DA:126,10
DA:127,10
DA:128,10
DA:129,10
DA:130,10
DA:131,10
LF:131
LH:131
BRDA:12,0,0,10
BRDA:13,1,0,0
BRDA:14,2,0,2
BRDA:16,3,0,0
BRDA:18,4,0,8
BRDA:20,5,0,0
BRDA:20,6,0,8
BRDA:24,7,0,3
BRDA:27,8,0,24
BRDA:36,9,0,12
BRDA:39,10,0,1
BRDA:52,11,0,11
BRDA:54,12,0,1
BRDA:61,13,0,10
BRDA:38,14,0,12
BRDA:45,15,0,3
BRDA:80,16,0,10
BRDA:83,17,0,0
BRDA:84,18,0,8
BRDA:84,19,0,2
BRDA:84,20,0,0
BRDA:97,21,0,8
BRDA:97,22,0,2
BRDA:100,23,0,8
BRDA:100,24,0,2
BRDA:105,25,0,9
BRDA:105,26,0,1
BRDA:106,27,0,9
BRDA:106,28,0,1
BRDA:110,29,0,2
BRDA:110,30,0,8
BRDA:110,31,0,2
BRDA:110,32,0,8
BRDA:111,33,0,2
BRDA:111,34,0,8
BRDA:112,35,0,2
BRDA:112,36,0,8
BRDA:118,37,0,0
BRDA:122,38,0,0
BRF:39
BRH:32
end_of_record
TN:
SF:src/components/dailyreview/ScreenerResultsList.tsx
FN:11,rrColor
FN:17,setupColor
FN:24,SkeletonRow
FN:36,ScreenerResultsList
FN:104,onClick
FNF:5
FNH:4
FNDA:25,rrColor
FNDA:25,setupColor
FNDA:3,SkeletonRow
FNDA:8,ScreenerResultsList
FNDA:0,onClick
DA:1,1
DA:2,1
DA:3,1
DA:4,1
DA:5,1
DA:6,1
DA:7,1
DA:8,1
DA:9,1
DA:10,1
DA:11,25
DA:12,25
DA:13,25
DA:14,5
DA:15,5
DA:16,1
DA:17,25
DA:18,25
DA:19,25
DA:20,25
DA:21,5
DA:22,5
DA:23,1
DA:24,3
DA:25,3
DA:26,3
DA:27,3
DA:28,15
DA:29,15
DA:30,15
DA:31,3
DA:32,3
DA:33,3
DA:34,3
DA:35,1
DA:36,8
DA:37,8
DA:38,8
DA:39,1
DA:40,1
DA:41,1
DA:42,1
DA:43,1
DA:44,1
DA:45,3
DA:46,1
DA:47,1
DA:48,1
DA:49,1
DA:50,1
DA:51,1
DA:52,7
DA:53,8
DA:54,1
DA:55,1
DA:56,1
DA:57,1
DA:58,1
DA:59,1
DA:60,1
DA:61,1
DA:62,1
DA:63,6
DA:64,6
DA:65,6
DA:66,6
DA:67,6
DA:68,6
DA:69,6
DA:70,6
DA:71,6
DA:72,6
DA:73,6
DA:74,6
DA:75,6
DA:76,6
DA:77,6
DA:78,6
DA:79,6
DA:80,6
DA:81,25
DA:82,25
DA:83,25
DA:84,25
DA:85,25
DA:86,25
DA:87,25
DA:88,25
DA:89,25
DA:90,25
DA:91,25
DA:92,25
DA:93,25
DA:94,25
DA:95,25
DA:96,25
DA:97,25
DA:98,6
DA:99,6
DA:100,6
DA:101,6
DA:102,1
DA:103,1
DA:104,1
DA:105,1
DA:106,1
DA:107,1
DA:108,1
DA:109,1
DA:110,8
DA:111,8
DA:112,8
DA:113,8
LF:113
LH:113
BRDA:11,0,0,25
BRDA:12,1,0,15
BRDA:12,2,0,10
BRDA:13,3,0,5
BRDA:17,4,0,25
BRDA:19,5,0,15
BRDA:19,6,0,10
BRDA:20,7,0,5
BRDA:24,8,0,3
BRDA:27,9,0,15
BRDA:36,10,0,8
BRDA:38,11,0,1
BRDA:51,12,0,7
BRDA:53,13,0,1
BRDA:62,14,0,6
BRDA:101,15,0,1
BRDA:44,16,0,3
BRDA:80,17,0,25
BRF:18
BRH:18
end_of_record
TN:
SF:src/components/dailyreview/StepTracker.tsx
FN:19,statusIcon
FN:25,SkeletonStep
FN:36,StepTracker
FNF:3
FNH:3
FNDA:11,statusIcon
FNDA:6,SkeletonStep
FNDA:5,StepTracker
DA:1,1
DA:2,1
DA:3,1
DA:4,1
DA:5,1
DA:6,1
DA:7,1
DA:8,1
DA:9,1
DA:10,1
DA:11,1
DA:12,1
DA:13,1
DA:14,1
DA:15,1
DA:16,1
DA:17,1
DA:18,1
DA:19,11
DA:20,11
DA:21,11
DA:22,8
DA:23,8
DA:24,1
DA:25,6
DA:26,6
DA:27,6
DA:28,6
DA:29,6
DA:30,6
DA:31,6
DA:32,6
DA:33,6
DA:34,6
DA:35,1
DA:36,5
DA:37,5
DA:38,5
DA:39,1
DA:40,1
DA:41,1
DA:42,6
DA:43,1
DA:44,1
DA:45,1
DA:46,1
DA:47,4
DA:48,5
DA:49,5
DA:50,5
DA:51,5
DA:52,5
DA:53,11
DA:54,11
DA:55,11
DA:56,11
DA:57,11
DA:58,11
DA:59,7
DA:60,7
DA:61,7
DA:62,7
DA:63,1
DA:64,6
DA:65,7
DA:66,7
DA:67,11
DA:68,11
DA:69,5
DA:70,5
DA:71,5
DA:72,5
LF:72
LH:72
BRDA:19,0,0,11
BRDA:20,1,0,2
BRDA:20,2,0,9
BRDA:21,3,0,1
BRDA:21,4,0,8
BRDA:25,5,0,6
BRDA:36,6,0,5
BRDA:38,7,0,1
BRDA:46,8,0,4
BRDA:48,9,0,3
BRDA:48,10,0,1
BRDA:41,11,0,6
BRDA:48,12,0,6
BRDA:52,13,0,11
BRDA:58,14,0,7
BRDA:62,15,0,2
BRDA:62,16,0,1
BRDA:63,17,0,6
BRF:18
BRH:18
end_of_record
TN:
SF:src/components/layout/AlertStrip.tsx
FN:1,(empty-report)
FNF:1
FNH:0
FNDA:0,(empty-report)
DA:1,0
DA:2,0
DA:3,0
DA:4,0
DA:5,0
DA:6,0
DA:7,0
DA:8,0
DA:9,0
DA:10,0
DA:11,0
DA:12,0
DA:13,0
DA:14,0
DA:15,0
DA:16,0
DA:17,0
DA:18,0
DA:19,0
DA:20,0
DA:21,0
DA:22,0
DA:23,0
DA:24,0
DA:25,0
DA:26,0
DA:27,0
DA:28,0
DA:29,0
DA:30,0
DA:31,0
DA:32,0
DA:33,0
DA:34,0
DA:35,0
DA:36,0
DA:37,0
DA:38,0
DA:39,0
DA:40,0
DA:41,0
DA:42,0
LF:42
LH:0
BRDA:1,0,0,0
BRF:1
BRH:0
end_of_record
TN:
SF:src/components/layout/IntradayBanner.tsx
FN:5,IntradayBanner
FN:20,onClick
FNF:2
FNH:2
FNDA:5,IntradayBanner
FNDA:1,onClick
DA:1,1
DA:2,1
DA:3,1
DA:4,1
DA:5,5
DA:6,5
DA:7,5
DA:8,5
DA:9,5
DA:10,5
DA:11,5
DA:12,2
DA:13,2
DA:14,2
DA:15,2
DA:16,2
DA:17,2
DA:18,2
DA:19,2
DA:20,2
DA:21,2
DA:22,2
DA:23,2
DA:24,2
DA:25,2
DA:26,2
DA:27,2
DA:28,2
LF:28
LH:28
BRDA:5,0,0,5
BRDA:11,1,0,4
BRDA:11,2,0,3
BRDA:11,3,0,2
BRDA:7,4,0,6
BRDA:8,5,0,6
BRDA:9,6,0,6
BRDA:20,7,0,1
BRF:8
BRH:8
end_of_record
TN:
SF:src/components/layout/Layout.tsx
FN:1,(empty-report)
FNF:1
FNH:0
FNDA:0,(empty-report)
DA:1,0
DA:2,0
DA:3,0
DA:4,0
DA:5,0
DA:6,0
DA:7,0
DA:8,0
DA:9,0
DA:10,0
DA:11,0
DA:12,0
DA:13,0
DA:14,0
DA:15,0
DA:16,0
DA:17,0
DA:18,0
DA:19,0
DA:20,0
DA:21,0
DA:22,0
DA:23,0
DA:24,0
DA:25,0
DA:26,0
DA:27,0
DA:28,0
DA:29,0
DA:30,0
DA:31,0
DA:32,0
LF:32
LH:0
BRDA:1,0,0,0
BRF:1
BRH:0
end_of_record
TN:
SF:src/components/layout/ModeToggle.tsx
FN:5,ModeToggle
FN:12,onClick
FN:23,onClick
FNF:3
FNH:3
FNDA:6,ModeToggle
FNDA:1,onClick
FNDA:1,onClick
DA:1,1
DA:2,1
DA:3,1
DA:4,1
DA:5,6
DA:6,6
DA:7,6
DA:8,6
DA:9,6
DA:10,6
DA:11,6
DA:12,6
DA:13,6
DA:14,6
DA:15,6
DA:16,4
DA:17,2
DA:18,6
DA:19,6
DA:20,6
DA:21,6
DA:22,6
DA:23,6
DA:24,6
DA:25,6
DA:26,6
DA:27,2
DA:28,4
DA:29,6
DA:30,6
DA:31,6
DA:32,6
DA:33,6
DA:34,6
DA:35,6
LF:35
LH:35
BRDA:5,0,0,6
BRDA:15,1,0,4
BRDA:16,2,0,2
BRDA:26,3,0,2
BRDA:27,4,0,4
BRDA:12,5,0,1
BRDA:23,6,0,1
BRF:7
BRH:7
end_of_record
TN:
SF:src/components/layout/ProfileMenu.tsx
FN:5,ProfileMenu
FNF:1
FNH:1
FNDA:2,ProfileMenu
DA:1,1
DA:2,1
DA:3,1
DA:4,1
DA:5,2
DA:6,2
DA:7,2
DA:8,2
DA:9,2
DA:10,2
DA:11,2
DA:12,2
DA:13,2
DA:14,2
DA:15,2
DA:16,2
DA:17,2
DA:18,2
LF:18
LH:18
BRDA:5,0,0,2
BRDA:6,1,0,3
BRF:2
BRH:2
end_of_record
TN:
SF:src/components/layout/SettingsDrawer.tsx
FN:15,SettingsDrawer
FN:41,handleClose
FN:46,handleBackdropClick
FN:50,handleSaveAccountSize
FN:91,onChange
FN:120,onChange
FN:152,onClick
FN:179,onClick
FNF:8
FNH:7
FNDA:19,SettingsDrawer
FNDA:1,handleClose
FNDA:0,handleBackdropClick
FNDA:1,handleSaveAccountSize
FNDA:1,onChange
FNDA:1,onChange
FNDA:1,onClick
FNDA:1,onClick
DA:1,1
DA:2,1
DA:3,1
DA:4,1
DA:5,1
DA:6,1
DA:7,1
DA:8,1
DA:9,1
DA:10,1
DA:11,1
DA:12,1
DA:13,1
DA:14,1
DA:15,19
DA:16,19
DA:17,19
DA:18,19
DA:19,19
DA:20,19
DA:21,19
DA:22,19
DA:23,19
DA:24,19
DA:25,19
DA:26,19
DA:27,19
DA:28,19
DA:29,19
DA:30,19
DA:31,19
DA:32,19
DA:33,10
DA:34,8
DA:35,8
DA:36,8
DA:37,8
DA:38,2
DA:39,19
DA:40,19
DA:41,19
DA:42,1
DA:43,1
DA:44,1
DA:45,19
DA:46,19
DA:47,0
DA:48,0
DA:49,19
DA:50,19
DA:51,1
DA:52,1
DA:53,19
DA:54,19
DA:55,17
DA:56,17
DA:57,17
DA:58,17
DA:59,17
DA:60,19
DA:61,19
DA:62,19
DA:63,19
DA:64,19
DA:65,19
DA:66,19
DA:67,19
DA:68,19
DA:69,19
DA:70,19
DA:71,19
DA:72,19
DA:73,19
DA:74,19
DA:75,19
DA:76,19
DA:77,19
DA:78,19
DA:79,19
DA:80,19
DA:81,19
DA:82,19
DA:83,19
DA:84,19
DA:85,19
DA:86,19
DA:87,19
DA:88,19
DA:89,19
DA:90,19
DA:91,19
DA:92,19
DA:93,19
DA:94,19
DA:95,19
DA:96,19
DA:97,19
DA:98,19
DA:99,19
DA:100,19
DA:101,19
DA:102,19
DA:103,19
DA:104,19
DA:105,19
DA:106,19
DA:107,19
DA:108,19
DA:109,19
DA:110,19
DA:111,19
DA:112,19
DA:113,19
DA:114,19
DA:115,19
DA:116,19
DA:117,19
DA:118,19
DA:119,19
DA:120,19
DA:121,19
DA:122,19
DA:123,19
DA:124,19
DA:125,19
DA:126,19
DA:127,19
DA:128,19
DA:129,19
DA:130,19
DA:131,19
DA:132,19
DA:133,19
DA:134,19
DA:135,19
DA:136,19
DA:137,19
DA:138,19
DA:139,19
DA:140,19
DA:141,19
DA:142,19
DA:143,85
DA:144,85
DA:145,85
DA:146,85
DA:147,85
DA:148,85
DA:149,85
DA:150,85
DA:151,85
DA:152,85
DA:153,85
DA:154,85
DA:155,85
DA:156,85
DA:157,85
DA:158,85
DA:159,85
DA:160,85
DA:161,85
DA:162,85
DA:163,85
DA:164,19
DA:165,19
DA:166,19
DA:167,19
DA:168,19
DA:169,19
DA:170,19
DA:171,19
DA:172,19
DA:173,19
DA:174,19
DA:175,19
DA:176,19
DA:177,19
DA:178,19
DA:179,19
DA:180,19
DA:181,19
DA:182,19
DA:183,19
DA:184,19
DA:185,19
DA:186,19
DA:187,19
DA:188,19
DA:189,19
DA:190,19
DA:191,19
DA:192,19
DA:193,19
DA:194,19
DA:195,19
DA:196,19
LF:196
LH:194
BRDA:15,0,0,19
BRDA:54,1,0,2
BRDA:54,2,0,17
BRDA:60,3,0,0
BRDA:60,4,0,17
BRDA:65,5,0,0
BRDA:65,6,0,17
BRDA:181,7,0,15
BRDA:181,8,0,2
BRDA:186,9,0,15
BRDA:186,10,0,2
BRDA:17,11,0,21
BRDA:18,12,0,21
BRDA:19,13,0,21
BRDA:20,14,0,21
BRDA:22,15,0,22
BRDA:23,16,0,22
BRDA:24,17,0,22
BRDA:25,18,0,22
BRDA:26,19,0,22
BRDA:27,20,0,22
BRDA:32,21,0,10
BRDA:33,22,0,8
BRDA:37,23,0,2
BRDA:35,24,0,1
BRDA:36,25,0,8
BRDA:41,26,0,1
BRDA:43,27,0,1
BRDA:50,28,0,1
BRDA:91,29,0,1
BRDA:120,30,0,1
BRDA:142,31,0,85
BRDA:151,32,0,83
BRDA:154,33,0,83
BRDA:154,34,0,83
BRDA:154,35,0,2
BRDA:159,36,0,83
BRDA:159,37,0,83
BRDA:159,38,0,2
BRDA:152,39,0,1
BRDA:179,40,0,1
BRF:41
BRH:39
end_of_record
TN:
SF:src/components/layout/TabBar.tsx
FN:1,(empty-report)
FNF:1
FNH:0
FNDA:0,(empty-report)
DA:1,0
DA:2,0
DA:3,0
DA:4,0
DA:5,0
DA:6,0
DA:7,0
DA:8,0
DA:9,0
DA:10,0
DA:11,0
DA:12,0
DA:13,0
DA:14,0
DA:15,0
DA:16,0
DA:17,0
DA:18,0
DA:19,0
DA:20,0
DA:21,0
DA:22,0
DA:23,0
DA:24,0
DA:25,0
DA:26,0
DA:27,0
DA:28,0
DA:29,0
DA:30,0
DA:31,0
DA:32,0
DA:33,0
DA:34,0
DA:35,0
DA:36,0
DA:37,0
DA:38,0
DA:39,0
DA:40,0
DA:41,0
DA:42,0
LF:42
LH:0
BRDA:1,0,0,0
BRF:1
BRH:0
end_of_record
TN:
SF:src/components/order/OrderTicket.tsx
FN:18,OrderTicket
FN:112,onClick
FN:126,onClick
FN:148,onChange
FN:160,onChange
FN:172,onChange
FN:184,onChange
FNF:7
FNH:3
FNDA:25,OrderTicket
FNDA:0,onClick
FNDA:0,onClick
FNDA:5,onChange
FNDA:1,onChange
FNDA:0,onChange
FNDA:0,onChange
DA:1,1
DA:2,1
DA:3,1
DA:4,1
DA:5,1
DA:6,1
DA:7,1
DA:8,1
DA:9,1
DA:10,1
DA:11,1
DA:12,1
DA:13,1
DA:14,1
DA:15,1
DA:16,1
DA:17,1
DA:18,25
DA:19,25
DA:20,25
DA:21,25
DA:22,25
DA:23,25
DA:24,25
DA:25,25
DA:26,25
DA:27,25
DA:28,25
DA:29,25
DA:30,25
DA:31,25
DA:32,25
DA:33,25
DA:34,25
DA:35,25
DA:36,25
DA:37,25
DA:38,25
DA:39,25
DA:40,25
DA:41,25
DA:42,25
DA:43,1
DA:44,24
DA:45,1
DA:46,23
DA:47,25
DA:48,25
DA:49,1
DA:50,1
DA:51,1
DA:52,1
DA:53,1
DA:54,25
DA:55,25
DA:56,25
DA:57,1
DA:58,1
DA:59,1
DA:60,1
DA:61,1
DA:62,1
DA:63,1
DA:64,1
DA:65,1
DA:66,1
DA:67,1
DA:68,1
DA:69,1
DA:70,1
DA:71,1
DA:72,25
DA:73,25
DA:74,25
DA:75,1
DA:76,1
DA:77,1
DA:78,1
DA:79,1
DA:80,25
DA:81,25
DA:82,25
DA:83,1
DA:84,1
DA:85,1
DA:86,1
DA:87,1
DA:88,25
DA:89,25
DA:90,25
DA:91,25
DA:92,25
DA:93,1
DA:94,1
DA:95,1
DA:96,25
DA:97,25
DA:98,25
DA:99,25
DA:100,25
DA:101,25
DA:102,25
DA:103,25
DA:104,25
DA:105,25
DA:106,25
DA:107,25
DA:108,25
DA:109,25
DA:110,25
DA:111,25
DA:112,25
DA:113,25
DA:114,25
DA:115,25
DA:116,25
DA:117,25
DA:118,0
DA:119,25
DA:120,25
DA:121,25
DA:122,25
DA:123,25
DA:124,25
DA:125,25
DA:126,25
DA:127,25
DA:128,25
DA:129,25
DA:130,25
DA:131,0
DA:132,25
DA:133,25
DA:134,25
DA:135,25
DA:136,25
DA:137,25
DA:138,25
DA:139,25
DA:140,25
DA:141,25
DA:142,25
DA:143,25
DA:144,25
DA:145,25
DA:146,25
DA:147,25
DA:148,25
DA:149,25
DA:150,25
DA:151,25
DA:152,25
DA:153,25
DA:154,25
DA:155,25
DA:156,25
DA:157,25
DA:158,25
DA:159,25
DA:160,25
DA:161,25
DA:162,25
DA:163,25
DA:164,25
DA:165,25
DA:166,25
DA:167,25
DA:168,25
DA:169,25
DA:170,25
DA:171,25
DA:172,25
DA:173,25
DA:174,25
DA:175,25
DA:176,25
DA:177,25
DA:178,25
DA:179,25
DA:180,25
DA:181,25
DA:182,25
DA:183,25
DA:184,25
DA:185,25
DA:186,25
DA:187,25
DA:188,25
DA:189,25
DA:190,25
DA:191,25
DA:192,25
DA:193,25
DA:194,25
DA:195,25
DA:196,25
DA:197,25
DA:198,25
DA:199,25
DA:200,25
DA:201,25
DA:202,25
DA:203,25
DA:204,25
DA:205,25
DA:206,25
DA:207,25
DA:208,25
DA:209,25
DA:210,25
DA:211,25
DA:212,25
DA:213,25
DA:214,25
DA:215,25
DA:216,25
DA:217,25
DA:218,25
DA:219,25
DA:220,25
DA:221,25
DA:222,25
DA:223,25
DA:224,25
DA:225,25
DA:226,25
DA:227,25
DA:228,25
DA:229,25
DA:230,25
DA:231,25
DA:232,25
DA:233,25
DA:234,25
DA:235,25
DA:236,25
DA:237,25
DA:238,25
DA:239,24
DA:240,1
DA:241,25
DA:242,25
DA:243,25
DA:244,25
DA:245,25
DA:246,25
DA:247,25
DA:248,25
DA:249,2
DA:250,2
DA:251,2
DA:252,2
DA:253,1
DA:254,1
DA:255,2
DA:256,2
DA:257,2
DA:258,2
DA:259,23
DA:260,23
DA:261,25
DA:262,25
DA:263,25
DA:264,25
DA:265,25
DA:266,25
DA:267,25
DA:268,25
DA:269,25
DA:270,25
DA:271,25
DA:272,25
DA:273,25
DA:274,25
DA:275,25
DA:276,25
DA:277,25
DA:278,25
DA:279,25
DA:280,25
DA:281,25
DA:282,25
DA:283,25
DA:284,25
DA:285,25
DA:286,25
DA:287,25
DA:288,25
DA:289,25
DA:290,25
DA:291,25
LF:291
LH:289
BRDA:18,0,0,25
BRDA:37,1,0,0
BRDA:42,2,0,1
BRDA:43,3,0,24
BRDA:44,4,0,1
BRDA:45,5,0,23
BRDA:92,6,0,1
BRDA:117,7,0,0
BRDA:119,8,0,1
BRDA:130,9,0,0
BRDA:133,10,0,1
BRDA:204,11,0,19
BRDA:204,12,0,6
BRDA:204,13,0,0
BRDA:238,14,0,24
BRDA:239,15,0,1
BRDA:243,16,0,24
BRDA:243,17,0,1
BRDA:248,18,0,2
BRDA:252,19,0,1
BRDA:253,20,0,1
BRDA:257,21,0,1
BRDA:257,22,0,1
BRDA:258,23,0,23
BRDA:272,24,0,0
BRDA:286,25,0,1
BRDA:286,26,0,24
BRDA:20,27,0,26
BRDA:21,28,0,26
BRDA:22,29,0,26
BRDA:48,30,0,1
BRDA:56,31,0,1
BRDA:74,32,0,1
BRDA:75,33,0,0
BRDA:82,34,0,1
BRDA:85,35,0,0
BRDA:148,36,0,5
BRDA:160,37,0,1
BRF:38
BRH:31
end_of_record
TN:
SF:src/components/positions/ExhaustionBadge.tsx
FN:10,ExhaustionBadge
FNF:1
FNH:1
FNDA:21,ExhaustionBadge
DA:1,1
DA:2,1
DA:3,1
DA:4,1
DA:5,1
DA:6,1
DA:7,1
DA:8,1
DA:9,1
DA:10,21
DA:11,21
DA:12,21
DA:13,1
DA:14,1
DA:15,1
DA:16,1
DA:17,1
DA:18,1
DA:19,1
DA:20,1
DA:21,1
DA:22,1
DA:23,20
DA:24,20
DA:25,20
DA:26,20
DA:27,20
DA:28,21
DA:29,15
DA:30,15
DA:31,15
DA:32,21
DA:33,3
DA:34,3
DA:35,3
DA:36,5
DA:37,2
DA:38,2
DA:39,2
DA:40,2
DA:41,20
DA:42,20
DA:43,20
DA:44,20
DA:45,20
DA:46,20
DA:47,20
DA:48,21
DA:49,21
DA:50,21
DA:51,21
LF:51
LH:51
BRDA:10,0,0,21
BRDA:12,1,0,1
BRDA:19,2,0,0
BRDA:22,3,0,20
BRDA:28,4,0,15
BRDA:32,5,0,5
BRDA:32,6,0,3
BRDA:36,7,0,2
BRDA:40,8,0,20
BRDA:48,9,0,1
BRF:10
BRH:9
end_of_record
TN:
SF:src/components/positions/PositionDetailPanel.tsx
FN:17,toTrailData
FN:32,computeStopPrice
FN:36,unrealizedPLR
FN:54,PositionDetailPanel
FN:73,handleBackdropClick
FN:78,handleClose
FN:83,handleViewAnalysis
FN:225,onClose
FNF:8
FNH:6
FNDA:13,toTrailData
FNDA:13,computeStopPrice
FNDA:13,unrealizedPLR
FNDA:15,PositionDetailPanel
FNDA:0,handleBackdropClick
FNDA:1,handleClose
FNDA:1,handleViewAnalysis
FNDA:0,onClose
DA:1,1
DA:2,1
DA:3,1
DA:4,1
DA:5,1
DA:6,1
DA:7,1
DA:8,1
DA:9,1
DA:10,1
DA:11,1
DA:12,1
DA:13,1
DA:14,1
DA:15,1
DA:16,1
DA:17,13
DA:18,13
DA:19,13
DA:20,13
DA:21,13
DA:22,13
DA:23,13
DA:24,13
DA:25,13
DA:26,0
DA:27,13
DA:28,13
DA:29,13
DA:30,13
DA:31,1
DA:32,13
DA:33,13
DA:34,13
DA:35,1
DA:36,13
DA:37,13
DA:38,13
DA:39,13
DA:40,13
DA:41,13
DA:42,13
DA:43,13
DA:44,13
DA:45,2
DA:46,2
DA:47,2
DA:48,2
DA:49,11
DA:50,13
DA:51,11
DA:52,11
DA:53,1
DA:54,15
DA:55,15
DA:56,15
DA:57,15
DA:58,15
DA:59,15
DA:60,15
DA:61,15
DA:62,15
DA:63,14
DA:64,14
DA:65,14
DA:66,1
DA:67,15
DA:68,15
DA:69,15
DA:70,14
DA:71,14
DA:72,14
DA:73,14
DA:74,0
DA:75,0
DA:76,0
DA:77,14
DA:78,14
DA:79,1
DA:80,1
DA:81,1
DA:82,14
DA:83,14
DA:84,1
DA:85,1
DA:86,1
DA:87,1
DA:88,1
DA:89,1
DA:90,14
DA:91,15
DA:92,1
DA:93,1
DA:94,1
DA:95,1
DA:96,1
DA:97,1
DA:98,1
DA:99,1
DA:100,1
DA:101,1
DA:102,1
DA:103,1
DA:104,1
DA:105,1
DA:106,1
DA:107,13
DA:108,13
DA:109,13
DA:110,13
DA:111,13
DA:112,13
DA:113,13
DA:114,13
DA:115,13
DA:116,13
DA:117,13
DA:118,13
DA:119,15
DA:120,15
DA:121,15
DA:122,15
DA:123,15
DA:124,15
DA:125,15
DA:126,15
DA:127,15
DA:128,15
DA:129,15
DA:130,15
DA:131,15
DA:132,15
DA:133,15
DA:134,11
DA:135,2
DA:136,15
DA:137,15
DA:138,15
DA:139,15
DA:140,15
DA:141,15
DA:142,15
DA:143,15
DA:144,15
DA:145,15
DA:146,15
DA:147,15
DA:148,15
DA:149,15
DA:150,15
DA:151,15
DA:152,15
DA:153,15
DA:154,15
DA:155,15
DA:156,15
DA:157,15
DA:158,15
DA:159,15
DA:160,15
DA:161,15
DA:162,15
DA:163,15
DA:164,15
DA:165,15
DA:166,15
DA:167,15
DA:168,15
DA:169,15
DA:170,15
DA:171,15
DA:172,15
DA:173,15
DA:174,15
DA:175,15
DA:176,15
DA:177,15
DA:178,15
DA:179,15
DA:180,15
DA:181,15
DA:182,15
DA:183,15
DA:184,15
DA:185,15
DA:186,15
DA:187,15
DA:188,15
DA:189,15
DA:190,15
DA:191,15
DA:192,15
DA:193,15
DA:194,15
DA:195,15
DA:196,15
DA:197,15
DA:198,15
DA:199,15
DA:200,15
DA:201,15
DA:202,15
DA:203,15
DA:204,15
DA:205,15
DA:206,15
DA:207,15
DA:208,15
DA:209,15
DA:210,15
DA:211,15
DA:212,15
DA:213,15
DA:214,15
DA:215,15
DA:216,15
DA:217,15
DA:218,15
DA:219,15
DA:220,15
DA:221,15
DA:222,15
DA:223,15
DA:224,15
DA:225,15
DA:226,15
DA:227,15
DA:228,15
DA:229,15
DA:230,15
DA:231,15
DA:232,15
DA:233,15
DA:234,15
DA:235,15
DA:236,15
DA:237,15
DA:238,15
DA:239,15
DA:240,15
DA:241,15
DA:242,15
DA:243,15
DA:244,15
DA:245,15
DA:246,15
DA:247,15
DA:248,15
DA:249,15
DA:250,15
DA:251,15
DA:252,15
DA:253,15
DA:254,15
DA:255,15
DA:256,15
DA:257,15
DA:258,15
DA:259,15
DA:260,15
DA:261,15
DA:262,15
LF:262
LH:258
BRDA:17,0,0,13
BRDA:25,1,0,0
BRDA:27,2,0,0
BRDA:32,3,0,13
BRDA:36,4,0,13
BRDA:43,5,0,0
BRDA:44,6,0,2
BRDA:46,7,0,0
BRDA:48,8,0,11
BRDA:50,9,0,0
BRDA:50,10,0,11
BRDA:54,11,0,15
BRDA:69,12,0,1
BRDA:69,13,0,14
BRDA:91,14,0,1
BRDA:106,15,0,13
BRDA:119,16,0,0
BRDA:119,17,0,13
BRDA:124,18,0,0
BRDA:124,19,0,13
BRDA:133,20,0,11
BRDA:134,21,0,2
BRDA:138,22,0,11
BRDA:138,23,0,2
BRDA:142,24,0,13
BRDA:142,25,0,0
BRDA:143,26,0,13
BRDA:143,27,0,0
BRDA:145,28,0,13
BRDA:145,29,0,0
BRDA:146,30,0,13
BRDA:146,31,0,0
BRDA:187,32,0,13
BRDA:187,33,0,0
BRDA:188,34,0,13
BRDA:188,35,0,0
BRDA:197,36,0,2
BRDA:197,37,0,11
BRDA:213,38,0,0
BRDA:56,39,0,15
BRDA:57,40,0,16
BRDA:58,41,0,16
BRDA:61,42,0,15
BRDA:62,43,0,14
BRDA:65,44,0,1
BRDA:64,45,0,14
BRDA:71,46,0,17
BRDA:78,47,0,1
BRDA:83,48,0,1
BRF:49
BRH:35
end_of_record
TN:
SF:src/components/positions/StopPreview.tsx
FN:14,StopPreview
FN:48,onChange
FNF:2
FNH:1
FNDA:22,StopPreview
FNDA:0,onChange
DA:1,1
DA:2,1
DA:3,1
DA:4,1
DA:5,1
DA:6,1
DA:7,1
DA:8,1
DA:9,1
DA:10,1
DA:11,1
DA:12,1
DA:13,1
DA:14,22
DA:15,22
DA:16,22
DA:17,22
DA:18,22
DA:19,22
DA:20,22
DA:21,22
DA:22,22
DA:23,22
DA:24,22
DA:25,22
DA:26,22
DA:27,22
DA:28,4
DA:29,18
DA:30,22
DA:31,22
DA:32,22
DA:33,22
DA:34,22
DA:35,22
DA:36,22
DA:37,22
DA:38,22
DA:39,22
DA:40,22
DA:41,22
DA:42,22
DA:43,22
DA:44,22
DA:45,22
DA:46,22
DA:47,22
DA:48,22
DA:49,22
DA:50,22
DA:51,22
DA:52,22
DA:53,22
DA:54,22
DA:55,22
DA:56,22
DA:57,22
DA:58,22
DA:59,22
DA:60,22
DA:61,22
DA:62,22
DA:63,22
DA:64,22
DA:65,22
DA:66,22
DA:67,22
DA:68,22
DA:69,22
DA:70,22
DA:71,22
DA:72,22
DA:73,22
DA:74,22
DA:75,22
DA:76,22
DA:77,22
DA:78,22
DA:79,22
DA:80,22
DA:81,22
LF:81
LH:81
BRDA:14,0,0,22
BRDA:24,1,0,22
BRDA:26,2,0,0
BRDA:27,3,0,4
BRDA:28,4,0,18
BRF:5
BRH:4
end_of_record
TN:
SF:src/components/positions/TrailStatus.tsx
FN:15,TrailStatus
FNF:1
FNH:1
FNDA:19,TrailStatus
DA:1,1
DA:2,1
DA:3,1
DA:4,1
DA:5,1
DA:6,1
DA:7,1
DA:8,1
DA:9,1
DA:10,1
DA:11,1
DA:12,1
DA:13,1
DA:14,1
DA:15,19
DA:16,19
DA:17,19
DA:18,2
DA:19,2
DA:20,2
DA:21,2
DA:22,2
DA:23,2
DA:24,17
DA:25,17
DA:26,17
DA:27,17
DA:28,17
DA:29,17
DA:30,17
DA:31,17
DA:32,17
DA:33,17
DA:34,17
DA:35,19
DA:36,19
DA:37,19
DA:38,19
DA:39,19
DA:40,19
DA:41,2
DA:42,2
DA:43,2
DA:44,2
DA:45,19
DA:46,19
DA:47,19
DA:48,19
LF:48
LH:48
BRDA:15,0,0,19
BRDA:17,1,0,18
BRDA:17,2,0,2
BRDA:23,3,0,17
BRDA:35,4,0,0
BRDA:40,5,0,2
BRDA:42,6,0,0
BRDA:43,7,0,0
BRF:8
BRH:5
end_of_record
TN:
SF:src/components/screener/CandidateRow.tsx
FN:13,rrColor
FN:19,setupColor
FN:26,gainColor
FN:30,CandidateRow
FNF:4
FNH:4
FNDA:19,rrColor
FNDA:19,setupColor
FNDA:14,gainColor
FNDA:19,CandidateRow
DA:1,1
DA:2,1
DA:3,1
DA:4,1
DA:5,1
DA:6,1
DA:7,1
DA:8,1
DA:9,1
DA:10,1
DA:11,1
DA:12,1
DA:13,19
DA:14,19
DA:15,13
DA:16,1
DA:17,1
DA:18,1
DA:19,19
DA:20,19
DA:21,19
DA:22,16
DA:23,1
DA:24,1
DA:25,1
DA:26,14
DA:27,14
DA:28,14
DA:29,1
DA:30,19
DA:31,19
DA:32,19
DA:33,19
DA:34,19
DA:35,19
DA:36,19
DA:37,19
DA:38,19
DA:39,19
DA:40,19
DA:41,19
DA:42,19
DA:43,19
DA:44,19
DA:45,19
DA:46,19
DA:47,19
DA:48,19
DA:49,19
DA:50,19
DA:51,19
DA:52,19
DA:53,19
DA:54,19
DA:55,19
DA:56,19
DA:57,19
DA:58,19
DA:59,19
DA:60,17
DA:61,17
DA:62,17
DA:63,17
DA:64,17
DA:65,19
DA:66,19
DA:67,19
DA:68,19
DA:69,19
DA:70,19
DA:71,19
DA:72,17
DA:73,17
DA:74,15
DA:75,15
DA:76,15
DA:77,15
DA:78,17
DA:79,17
DA:80,19
DA:81,19
DA:82,19
DA:83,17
DA:84,17
DA:85,14
DA:86,14
DA:87,14
DA:88,17
DA:89,17
DA:90,19
DA:91,19
DA:92,19
DA:93,17
DA:94,17
DA:95,1
DA:96,17
DA:97,17
DA:98,19
DA:99,19
DA:100,19
DA:101,19
DA:102,19
DA:103,19
DA:104,19
DA:105,19
DA:106,2
DA:107,17
DA:108,19
DA:109,19
DA:110,19
DA:111,19
DA:112,19
DA:113,19
DA:114,19
DA:115,19
DA:116,19
LF:116
LH:116
BRDA:13,0,0,19
BRDA:14,1,0,17
BRDA:14,2,0,13
BRDA:14,3,0,2
BRDA:15,4,0,1
BRDA:19,5,0,19
BRDA:21,6,0,16
BRDA:21,7,0,14
BRDA:21,8,0,5
BRDA:22,9,0,4
BRDA:22,10,0,1
BRDA:26,11,0,14
BRDA:27,12,0,13
BRDA:27,13,0,1
BRDA:30,14,0,19
BRDA:49,15,0,17
BRDA:50,16,0,17
BRDA:56,17,0,17
BRDA:57,18,0,17
BRDA:59,19,0,17
BRDA:69,20,0,17
BRDA:71,21,0,17
BRDA:73,22,0,15
BRDA:82,23,0,17
BRDA:84,24,0,14
BRDA:86,25,0,13
BRDA:86,26,0,1
BRDA:92,27,0,17
BRDA:94,28,0,1
BRDA:105,29,0,2
BRDA:106,30,0,17
BRF:31
BRH:31
end_of_record
TN:
SF:src/components/screener/PresetFilter.tsx
FN:5,PresetFilter
FN:13,onChange
FNF:2
FNH:1
FNDA:5,PresetFilter
FNDA:0,onChange
DA:1,1
DA:2,1
DA:3,1
DA:4,1
DA:5,5
DA:6,5
DA:7,5
DA:8,5
DA:9,5
DA:10,5
DA:11,5
DA:12,5
DA:13,5
DA:14,5
DA:15,5
DA:16,5
DA:17,5
DA:18,0
DA:19,5
DA:20,5
DA:21,5
DA:22,5
LF:22
LH:21
BRDA:5,0,0,5
BRF:1
BRH:1
end_of_record
TN:
SF:src/components/screener/ScreenerTab.tsx
FN:12,ScreenerTab
FN:78,onAnalyze
FNF:2
FNH:1
FNDA:6,ScreenerTab
FNDA:0,onAnalyze
DA:1,1
DA:2,1
DA:3,1
DA:4,1
DA:5,1
DA:6,1
DA:7,1
DA:8,1
DA:9,1
DA:10,1
DA:11,1
DA:12,6
DA:13,6
DA:14,6
DA:15,6
DA:16,6
DA:17,6
DA:18,6
DA:19,6
DA:20,6
DA:21,6
DA:22,6
DA:23,6
DA:24,6
DA:25,6
DA:26,6
DA:27,6
DA:28,6
DA:29,6
DA:30,6
DA:31,6
DA:32,6
DA:33,6
DA:34,6
DA:35,6
DA:36,6
DA:37,6
DA:38,6
DA:39,6
DA:40,1
DA:41,1
DA:42,1
DA:43,6
DA:44,6
DA:45,6
DA:46,2
DA:47,2
DA:48,2
DA:49,6
DA:50,6
DA:51,6
DA:52,3
DA:53,3
DA:54,3
DA:55,3
DA:56,3
DA:57,3
DA:58,3
DA:59,3
DA:60,3
DA:61,3
DA:62,3
DA:63,3
DA:64,3
DA:65,3
DA:66,3
DA:67,3
DA:68,3
DA:69,3
DA:70,3
DA:71,3
DA:72,3
DA:73,3
DA:74,6
DA:75,6
DA:76,6
DA:77,6
DA:78,6
DA:79,6
DA:80,6
DA:81,3
DA:82,3
DA:83,3
DA:84,6
DA:85,6
DA:86,6
DA:87,6
DA:88,6
DA:89,6
LF:89
LH:89
BRDA:12,0,0,6
BRDA:23,1,0,5
BRDA:30,2,0,1
BRDA:31,3,0,1
BRDA:31,4,0,5
BRDA:33,5,0,1
BRDA:33,6,0,5
BRDA:34,7,0,1
BRDA:34,8,0,5
BRDA:39,9,0,1
BRDA:45,10,0,5
BRDA:45,11,0,2
BRDA:51,12,0,3
BRDA:58,13,0,2
BRDA:59,14,0,2
BRDA:61,15,0,2
BRDA:62,16,0,2
BRDA:63,17,0,2
BRDA:65,18,0,2
BRDA:66,19,0,2
BRDA:67,20,0,2
BRDA:68,21,0,2
BRDA:15,22,0,6
BRDA:16,23,0,7
BRDA:73,24,0,6
BRDA:77,25,0,0
BRF:26
BRH:25
end_of_record
TN:
SF:src/components/screener/SortControls.tsx
FN:20,SortControls
FN:30,onClick
FNF:2
FNH:2
FNDA:10,SortControls
FNDA:1,onClick
DA:1,1
DA:2,1
DA:3,1
DA:4,1
DA:5,1
DA:6,1
DA:7,1
DA:8,1
DA:9,1
DA:10,1
DA:11,1
DA:12,1
DA:13,1
DA:14,1
DA:15,1
DA:16,1
DA:17,1
DA:18,1
DA:19,1
DA:20,10
DA:21,10
DA:22,10
DA:23,10
DA:24,10
DA:25,10
DA:26,10
DA:27,10
DA:28,29
DA:29,29
DA:30,29
DA:31,29
DA:32,29
DA:33,29
DA:34,9
DA:35,20
DA:36,29
DA:37,29
DA:38,29
DA:39,29
DA:40,10
DA:41,10
DA:42,10
DA:43,10
LF:43
LH:43
BRDA:20,0,0,10
BRDA:23,1,0,1
BRDA:23,2,0,9
BRDA:27,3,0,29
BRDA:33,4,0,9
BRDA:34,5,0,20
BRDA:30,6,0,1
BRF:7
BRH:7
end_of_record
TN:
SF:src/components/screener/UniverseSelector.tsx
FN:22,UniverseSelector
FN:30,onChange
FNF:2
FNH:1
FNDA:6,UniverseSelector
FNDA:0,onChange
DA:1,1
DA:2,1
DA:3,1
DA:4,1
DA:5,1
DA:6,1
DA:7,1
DA:8,1
DA:9,1
DA:10,1
DA:11,1
DA:12,1
DA:13,1
DA:14,1
DA:15,1
DA:16,1
DA:17,1
DA:18,1
DA:19,1
DA:20,1
DA:21,1
DA:22,6
DA:23,6
DA:24,6
DA:25,6
DA:26,6
DA:27,6
DA:28,6
DA:29,6
DA:30,6
DA:31,6
DA:32,6
DA:33,6
DA:34,32
DA:35,6
DA:36,6
DA:37,6
DA:38,6
LF:38
LH:38
BRDA:22,0,0,6
BRDA:25,1,0,1
BRDA:25,2,0,5
BRDA:33,3,0,32
BRF:4
BRH:4
end_of_record
TN:
SF:src/components/watchlist/AddSymbolDialog.tsx
FN:12,AddSymbolDialog
FN:64,onChange
FN:87,onClick
FNF:3
FNH:3
FNDA:32,AddSymbolDialog
FNDA:5,onChange
FNDA:1,onClick
DA:1,1
DA:2,1
DA:3,1
DA:4,1
DA:5,1
DA:6,1
DA:7,1
DA:8,1
DA:9,1
DA:10,1
DA:11,1
DA:12,32
DA:13,32
DA:14,32
DA:15,32
DA:16,32
DA:17,32
DA:18,32
DA:19,32
DA:20,9
DA:21,32
DA:22,32
DA:23,32
DA:24,14
DA:25,10
DA:26,10
DA:27,10
DA:28,4
DA:29,4
DA:30,4
DA:31,4
DA:32,4
DA:33,4
DA:34,4
DA:35,0
DA:36,4
DA:37,4
DA:38,4
DA:39,4
DA:40,4
DA:41,4
DA:42,4
DA:43,4
DA:44,32
DA:45,32
DA:46,32
DA:47,1
DA:48,32
DA:49,32
DA:50,32
DA:51,32
DA:52,32
DA:53,32
DA:54,32
DA:55,32
DA:56,32
DA:57,32
DA:58,32
DA:59,32
DA:60,32
DA:61,32
DA:62,32
DA:63,32
DA:64,32
DA:65,32
DA:66,32
DA:67,32
DA:68,32
DA:69,32
DA:70,32
DA:71,32
DA:72,32
DA:73,32
DA:74,32
DA:75,32
DA:76,32
DA:77,32
DA:78,32
DA:79,5
DA:80,5
DA:81,5
DA:82,32
DA:83,32
DA:84,32
DA:85,4
DA:86,4
DA:87,4
DA:88,4
DA:89,4
DA:90,4
DA:91,4
DA:92,4
DA:93,4
DA:94,4
DA:95,2
DA:96,4
DA:97,4
DA:98,32
DA:99,32
DA:100,32
DA:101,32
DA:102,32
DA:103,32
LF:103
LH:102
BRDA:12,0,0,32
BRDA:68,1,0,4
BRDA:78,2,0,28
BRDA:78,3,0,9
BRDA:78,4,0,5
BRDA:19,5,0,9
BRDA:23,6,0,14
BRDA:24,7,0,10
BRDA:27,8,0,4
BRDA:30,9,0,4
BRDA:34,10,0,0
BRDA:40,11,0,4
BRDA:46,12,0,1
BRDA:64,13,0,5
BRDA:84,14,0,4
BRDA:94,15,0,2
BRDA:87,16,0,1
BRF:17
BRH:16
end_of_record
TN:
SF:src/components/watchlist/WatchlistRow.tsx
FN:14,changeColor
FN:18,formatChange
FN:22,WatchlistRow
FN:29,handleClick
FN:40,close
FN:49,handleContextMenu
FN:54,closeMenus
FN:59,handleAnalyze
FN:64,handleRemove
FN:69,handleRunScreener
FN:120,onClick
FNF:11
FNH:9
FNDA:26,changeColor
FNDA:26,formatChange
FNDA:27,WatchlistRow
FNDA:0,handleClick
FNDA:0,close
FNDA:1,handleContextMenu
FNDA:3,closeMenus
FNDA:1,handleAnalyze
FNDA:1,handleRemove
FNDA:1,handleRunScreener
FNDA:4,onClick
DA:1,1
DA:2,1
DA:3,1
DA:4,1
DA:5,1
DA:6,1
DA:7,1
DA:8,1
DA:9,1
DA:10,1
DA:11,1
DA:12,1
DA:13,1
DA:14,26
DA:15,26
DA:16,26
DA:17,1
DA:18,26
DA:19,26
DA:20,26
DA:21,1
DA:22,27
DA:23,27
DA:24,27
DA:25,27
DA:26,27
DA:27,27
DA:28,27
DA:29,18
DA:30,0
DA:31,0
DA:32,0
DA:33,0
DA:34,18
DA:35,18
DA:36,27
DA:37,27
DA:38,27
DA:39,19
DA:40,1
DA:41,1
DA:42,1
DA:43,1
DA:44,1
DA:45,1
DA:46,1
DA:47,27
DA:48,27
DA:49,27
DA:50,1
DA:51,1
DA:52,1
DA:53,27
DA:54,27
DA:55,3
DA:56,3
DA:57,3
DA:58,27
DA:59,27
DA:60,1
DA:61,1
DA:62,1
DA:63,27
DA:64,27
DA:65,1
DA:66,1
DA:67,1
DA:68,27
DA:69,27
DA:70,1
DA:71,1
DA:72,1
DA:73,27
DA:74,27
DA:75,27
DA:76,27
DA:77,27
DA:78,27
DA:79,27
DA:80,27
DA:81,27
DA:82,27
DA:83,27
DA:84,27
DA:85,27
DA:86,27
DA:87,27
DA:88,27
DA:89,27
DA:90,27
DA:91,27
DA:92,23
DA:93,23
DA:94,23
DA:95,27
DA:96,27
DA:97,27
DA:98,27
DA:99,27
DA:100,23
DA:101,23
DA:102,23
DA:103,27
DA:104,27
DA:105,27
DA:106,27
DA:107,27
DA:108,27
DA:109,27
DA:110,27
DA:111,27
DA:112,27
DA:113,27
DA:114,24
DA:115,27
DA:116,27
DA:117,27
DA:118,27
DA:119,27
DA:120,27
DA:121,27
DA:122,27
DA:123,27
DA:124,27
DA:125,27
DA:126,27
DA:127,4
DA:128,4
DA:129,4
DA:130,4
DA:131,4
DA:132,4
DA:133,4
DA:134,4
DA:135,4
DA:136,4
DA:137,4
DA:138,4
DA:139,4
DA:140,4
DA:141,4
DA:142,27
DA:143,27
DA:144,27
DA:145,27
DA:146,1
DA:147,1
DA:148,1
DA:149,1
DA:150,1
DA:151,1
DA:152,1
DA:153,1
DA:154,1
DA:155,1
DA:156,1
DA:157,1
DA:158,1
DA:159,1
DA:160,1
DA:161,27
DA:162,27
DA:163,27
DA:164,27
LF:164
LH:160
BRDA:14,0,0,26
BRDA:15,1,0,23
BRDA:15,2,0,3
BRDA:18,3,0,26
BRDA:19,4,0,23
BRDA:19,5,0,3
BRDA:22,6,0,27
BRDA:91,7,0,23
BRDA:99,8,0,23
BRDA:100,9,0,21
BRDA:100,10,0,2
BRDA:100,11,0,1
BRDA:100,12,0,1
BRDA:113,13,0,24
BRDA:113,14,0,24
BRDA:126,15,0,4
BRDA:145,16,0,1
BRDA:28,17,0,18
BRDA:35,18,0,18
BRDA:38,19,0,19
BRDA:39,20,0,18
BRDA:39,21,0,1
BRDA:43,22,0,1
BRDA:49,23,0,1
BRDA:54,24,0,3
BRDA:59,25,0,1
BRDA:64,26,0,1
BRDA:69,27,0,1
BRDA:120,28,0,4
BRF:29
BRH:29
end_of_record
TN:
SF:src/components/watchlist/WatchlistTab.tsx
FN:20,WatchlistTab
FN:65,onClick
FN:89,onClick
FN:142,onAnalyze
FN:143,onRemove
FN:144,onRunScreener
FN:155,onClose
FNF:7
FNH:2
FNDA:8,WatchlistTab
FNDA:1,onClick
FNDA:0,onClick
FNDA:0,onAnalyze
FNDA:0,onRemove
FNDA:0,onRunScreener
FNDA:0,onClose
DA:1,1
DA:2,1
DA:3,1
DA:4,1
DA:5,1
DA:6,1
DA:7,1
DA:8,1
DA:9,1
DA:10,1
DA:11,1
DA:12,1
DA:13,1
DA:14,1
DA:15,1
DA:16,1
DA:17,1
DA:18,1
DA:19,1
DA:20,8
DA:21,8
DA:22,8
DA:23,8
DA:24,8
DA:25,8
DA:26,8
DA:27,8
DA:28,8
DA:29,8
DA:30,8
DA:31,8
DA:32,8
DA:33,2
DA:34,0
DA:35,0
DA:36,8
DA:37,8
DA:38,8
DA:39,0
DA:40,0
DA:41,8
DA:42,8
DA:43,8
DA:44,0
DA:45,0
DA:46,0
DA:47,0
DA:48,0
DA:49,0
DA:50,8
DA:51,8
DA:52,8
DA:53,8
DA:54,8
DA:55,8
DA:56,8
DA:57,8
DA:58,8
DA:59,8
DA:60,8
DA:61,8
DA:62,8
DA:63,8
DA:64,8
DA:65,8
DA:66,8
DA:67,8
DA:68,8
DA:69,8
DA:70,8
DA:71,8
DA:72,8
DA:73,8
DA:74,8
DA:75,8
DA:76,8
DA:77,8
DA:78,0
DA:79,8
DA:80,8
DA:81,8
DA:82,8
DA:83,8
DA:84,8
DA:85,8
DA:86,8
DA:87,24
DA:88,24
DA:89,24
DA:90,24
DA:91,24
DA:92,24
DA:93,8
DA:94,16
DA:95,24
DA:96,24
DA:97,24
DA:98,24
DA:99,8
DA:100,8
DA:101,8
DA:102,8
DA:103,8
DA:104,8
DA:105,1
DA:106,1
DA:107,1
DA:108,8
DA:109,8
DA:110,8
DA:111,1
DA:112,1
DA:113,1
DA:114,1
DA:115,8
DA:116,8
DA:117,8
DA:118,5
DA:119,5
DA:120,5
DA:121,8
DA:122,8
DA:123,8
DA:124,2
DA:125,2
DA:126,2
DA:127,2
DA:128,2
DA:129,2
DA:130,2
DA:131,2
DA:132,2
DA:133,2
DA:134,2
DA:135,2
DA:136,2
DA:137,2
DA:138,2
DA:139,4
DA:140,4
DA:141,4
DA:142,4
DA:143,4
DA:144,4
DA:145,4
DA:146,2
DA:147,2
DA:148,2
DA:149,8
DA:150,8
DA:151,8
DA:152,8
DA:153,1
DA:154,1
DA:155,1
DA:156,1
DA:157,8
DA:158,8
DA:159,8
DA:160,8
DA:161,8
DA:162,8
LF:162
LH:151
BRDA:20,0,0,8
BRDA:77,1,0,0
BRDA:104,2,0,1
BRDA:110,3,0,1
BRDA:110,4,0,1
BRDA:117,5,0,7
BRDA:117,6,0,5
BRDA:123,7,0,2
BRDA:152,8,0,1
BRDA:26,9,0,8
BRDA:27,10,0,8
BRDA:32,11,0,2
BRDA:33,12,0,0
BRDA:65,13,0,1
BRDA:86,14,0,24
BRDA:92,15,0,8
BRDA:93,16,0,16
BRDA:138,17,0,4
BRF:18
BRH:16
end_of_record
TN:
SF:src/hooks/useAIConsole.ts
FN:6,useAIConsole
FNF:1
FNH:1
FNDA:20,useAIConsole
DA:1,1
DA:2,1
DA:3,1
DA:4,1
DA:5,1
DA:6,1
DA:7,20
DA:8,20
DA:9,20
DA:10,20
DA:11,20
DA:12,20
DA:13,20
DA:14,20
DA:15,6
DA:16,6
DA:17,6
DA:18,6
DA:19,6
DA:20,6
DA:21,6
DA:22,6
DA:23,5
DA:24,5
DA:25,5
DA:26,6
DA:27,1
DA:28,6
DA:29,6
DA:30,6
DA:31,20
DA:32,20
DA:33,20
DA:34,3
DA:35,2
DA:36,2
DA:37,2
DA:38,2
DA:39,2
DA:40,2
DA:41,2
DA:42,2
DA:43,1
DA:44,1
DA:45,3
DA:46,3
DA:47,3
DA:48,3
DA:49,3
DA:50,3
DA:51,1
DA:52,1
DA:53,1
DA:54,1
DA:55,1
DA:56,1
DA:57,1
DA:58,20
DA:59,20
DA:60,20
DA:61,2
DA:62,2
DA:63,2
DA:64,2
DA:65,2
DA:66,1
DA:67,1
DA:68,1
DA:69,1
DA:70,1
DA:71,2
DA:72,2
DA:73,2
DA:74,20
DA:75,20
DA:76,20
DA:77,20
DA:78,20
DA:79,20
DA:80,20
DA:81,20
DA:82,20
DA:83,20
DA:84,20
DA:85,20
DA:86,20
DA:87,20
DA:88,20
LF:88
LH:88
BRDA:6,0,0,20
BRDA:14,1,0,6
BRDA:22,2,0,5
BRDA:26,3,0,1
BRDA:27,4,0,0
BRDA:33,5,0,3
BRDA:34,6,0,1
BRDA:34,7,0,2
BRDA:42,8,0,1
BRDA:45,9,0,0
BRDA:50,10,0,1
BRDA:53,11,0,0
BRDA:40,12,0,2
BRDA:49,13,0,1
BRDA:56,14,0,1
BRDA:60,15,0,2
BRDA:61,16,0,0
BRDA:65,17,0,1
BRDA:70,18,0,0
BRF:19
BRH:14
end_of_record
TN:
SF:src/hooks/useDailyReview.ts
FN:5,useDailyReview
FNF:1
FNH:1
FNDA:14,useDailyReview
DA:1,1
DA:2,1
DA:3,1
DA:4,1
DA:5,1
DA:6,14
DA:7,14
DA:8,14
DA:9,14
DA:10,14
DA:11,5
DA:12,5
DA:13,5
DA:14,5
DA:15,4
DA:16,5
DA:17,1
DA:18,5
DA:19,5
DA:20,5
DA:21,14
DA:22,14
DA:23,14
DA:24,5
DA:25,5
DA:26,5
DA:27,14
DA:28,14
DA:29,14
DA:30,14
DA:31,14
DA:32,14
DA:33,14
DA:34,14
DA:35,14
DA:36,14
DA:37,14
DA:38,14
DA:39,14
LF:39
LH:39
BRDA:5,0,0,14
BRDA:30,1,0,3
BRDA:30,2,0,11
BRDA:31,3,0,3
BRDA:31,4,0,11
BRDA:32,5,0,3
BRDA:32,6,0,11
BRDA:33,7,0,3
BRDA:33,8,0,11
BRDA:34,9,0,3
BRDA:34,10,0,11
BRDA:10,11,0,5
BRDA:14,12,0,4
BRDA:16,13,0,1
BRDA:17,14,0,0
BRDA:23,15,0,5
BRDA:26,16,0,5
BRF:17
BRH:16
end_of_record
TN:
SF:src/hooks/useScreener.ts
FN:7,universeToFilter
FN:24,useScreener
FNF:2
FNH:2
FNDA:5,universeToFilter
FNDA:17,useScreener
DA:1,1
DA:2,1
DA:3,1
DA:4,1
DA:5,1
DA:6,1
DA:7,5
DA:8,5
DA:9,5
DA:10,5
DA:11,5
DA:12,0
DA:13,5
DA:14,0
DA:15,5
DA:16,0
DA:17,5
DA:18,0
DA:19,5
DA:20,0
DA:21,5
DA:22,5
DA:23,1
DA:24,1
DA:25,17
DA:26,17
DA:27,17
DA:28,17
DA:29,17
DA:30,17
DA:31,17
DA:32,17
DA:33,4
DA:34,17
DA:35,17
DA:36,17
DA:37,5
DA:38,5
DA:39,5
DA:40,5
DA:41,5
DA:42,0
DA:43,0
DA:44,0
DA:45,5
DA:46,3
DA:47,5
DA:48,1
DA:49,5
DA:50,4
DA:51,4
DA:52,17
DA:53,17
DA:54,17
DA:55,4
DA:56,4
DA:57,4
DA:58,17
DA:59,17
DA:60,17
DA:61,17
DA:62,17
DA:63,17
DA:64,17
DA:65,17
DA:66,17
DA:67,17
LF:67
LH:59
BRDA:7,0,0,5
BRDA:11,1,0,0
BRDA:13,2,0,0
BRDA:15,3,0,0
BRDA:17,4,0,0
BRDA:19,5,0,0
BRDA:24,6,0,17
BRDA:32,7,0,4
BRDA:33,8,0,4
BRDA:36,9,0,5
BRDA:41,10,0,0
BRDA:45,11,0,3
BRDA:47,12,0,1
BRDA:48,13,0,0
BRDA:49,14,0,4
BRDA:54,15,0,4
BRF:16
BRH:9
end_of_record
TN:
SF:src/hooks/useWatchlist.ts
FN:6,useWatchlist
FNF:1
FNH:1
FNDA:18,useWatchlist
DA:1,1
DA:2,1
DA:3,1
DA:4,1
DA:5,1
DA:6,1
DA:7,18
DA:8,18
DA:9,18
DA:10,18
DA:11,18
DA:12,18
DA:13,18
DA:14,18
DA:15,18
DA:16,0
DA:17,0
DA:18,0
DA:19,0
DA:20,0
DA:21,0
DA:22,18
DA:23,18
DA:24,18
DA:25,2
DA:26,2
DA:27,2
DA:28,2
DA:29,0
DA:30,0
DA:31,18
DA:32,18
DA:33,18
DA:34,1
DA:35,1
DA:36,1
DA:37,1
DA:38,0
DA:39,0
DA:40,18
DA:41,18
DA:42,18
DA:43,1
DA:44,1
DA:45,1
DA:46,1
DA:47,1
DA:48,0
DA:49,0
DA:50,0
DA:51,18
DA:52,18
DA:53,18
DA:54,2
DA:55,1
DA:56,1
DA:57,1
DA:58,1
DA:59,1
DA:60,2
DA:61,0
DA:62,0
DA:63,0
DA:64,18
DA:65,18
DA:66,18
DA:67,18
DA:68,18
DA:69,18
DA:70,18
DA:71,18
LF:71
LH:55
BRDA:6,0,0,18
BRDA:24,1,0,2
BRDA:28,2,0,0
BRDA:33,3,0,1
BRDA:37,4,0,0
BRDA:42,5,0,1
BRDA:47,6,0,0
BRDA:53,7,0,2
BRDA:54,8,0,1
BRDA:60,9,0,0
BRDA:57,10,0,2
BRF:11
BRH:7
end_of_record
TN:
SF:src/i18n/index.ts
FNF:0
FNH:0
DA:1,1
LF:1
LH:1
BRF:0
BRH:0
end_of_record
TN:
SF:src/i18n/useI18n.tsx
FN:8,I18nProvider
FN:12,useI18n
FNF:2
FNH:1
FNDA:0,I18nProvider
FNDA:430,useI18n
DA:1,1
DA:2,1
DA:3,1
DA:4,1
DA:5,1
DA:6,1
DA:7,1
DA:8,1
DA:9,0
DA:10,0
DA:11,1
DA:12,1
DA:13,430
DA:14,430
DA:15,430
DA:16,2252
DA:17,2252
DA:18,2252
DA:19,5507
DA:20,5507
DA:21,2252
DA:22,3
DA:23,3
DA:24,3
DA:25,3
DA:26,3
DA:27,2252
DA:28,430
DA:29,430
DA:30,430
DA:31,430
LF:31
LH:29
BRDA:12,0,0,430
BRDA:15,1,0,2252
BRDA:18,2,0,5507
BRDA:21,3,0,2250
BRDA:21,4,0,3
BRDA:26,5,0,2249
BRDA:27,6,0,0
BRDA:23,7,0,5
BRF:8
BRH:7
end_of_record
TN:
SF:src/services/api/aiApi.ts
FN:6,analyzeTicker
FN:11,getAIHistory
FN:15,getAILatest
FN:19,postChat
FN:23,requestPositionReview
FNF:5
FNH:5
FNDA:1,analyzeTicker
FNDA:1,getAIHistory
FNDA:1,getAILatest
FNDA:1,postChat
FNDA:1,requestPositionReview
DA:1,1
DA:2,1
DA:3,1
DA:4,1
DA:5,1
DA:6,1
DA:7,1
DA:8,1
DA:9,1
DA:10,1
DA:11,1
DA:12,1
DA:13,1
DA:14,1
DA:15,1
DA:16,1
DA:17,1
DA:18,1
DA:19,1
DA:20,1
DA:21,1
DA:22,1
DA:23,1
DA:24,1
DA:25,1
DA:26,1
DA:27,1
LF:27
LH:27
BRDA:6,0,0,1
BRDA:7,1,0,0
BRDA:11,2,0,1
BRDA:15,3,0,1
BRDA:19,4,0,1
BRDA:23,5,0,1
BRDA:25,6,0,0
BRF:7
BRH:5
end_of_record
TN:
SF:src/services/api/client.ts
FN:3,createApiClient
FN:6,request
FN:20,get
FN:21,post
FN:23,put
FN:25,del
FNF:6
FNH:6
FNDA:20,createApiClient
FNDA:23,request
FNDA:14,get
FNDA:6,post
FNDA:2,put
FNDA:1,del
DA:1,1
DA:2,1
DA:3,1
DA:4,20
DA:5,20
DA:6,20
DA:7,23
DA:8,23
DA:9,23
DA:10,23
DA:11,23
DA:12,23
DA:13,0
DA:14,0
DA:15,0
DA:16,23
DA:17,23
DA:18,20
DA:19,20
DA:20,20
DA:21,20
DA:22,6
DA:23,20
DA:24,2
DA:25,20
DA:26,20
DA:27,20
LF:27
LH:24
BRDA:3,0,0,20
BRDA:6,1,0,23
BRDA:8,2,0,9
BRDA:12,3,0,0
BRDA:20,4,0,14
BRDA:21,5,0,6
BRDA:22,6,0,3
BRDA:22,7,0,3
BRDA:23,8,0,2
BRDA:24,9,0,1
BRDA:24,10,0,1
BRDA:25,11,0,1
BRF:12
BRH:11
end_of_record
TN:
SF:src/services/api/marketDataApi.ts
FN:11,getCandles
FN:15,getVolumeAnalysis
FNF:2
FNH:2
FNDA:1,getCandles
FNDA:1,getVolumeAnalysis
DA:1,1
DA:2,1
DA:3,1
DA:4,1
DA:5,1
DA:6,1
DA:7,1
DA:8,1
DA:9,1
DA:10,1
DA:11,1
DA:12,1
DA:13,1
DA:14,1
DA:15,1
DA:16,1
DA:17,1
LF:17
LH:17
BRDA:11,0,0,1
BRDA:15,1,0,1
BRF:2
BRH:2
end_of_record
TN:
SF:src/services/api/portfolioApi.ts
FN:6,getPositions
FN:10,getPositionMetrics
FN:14,getStopSuggestion
FN:18,getStopPreview
FN:24,updateStop
FN:28,getDailyReview
FNF:6
FNH:6
FNDA:1,getPositions
FNDA:1,getPositionMetrics
FNDA:1,getStopSuggestion
FNDA:1,getStopPreview
FNDA:1,updateStop
FNDA:1,getDailyReview
DA:1,1
DA:2,1
DA:3,1
DA:4,1
DA:5,1
DA:6,1
DA:7,1
DA:8,1
DA:9,1
DA:10,1
DA:11,1
DA:12,1
DA:13,1
DA:14,1
DA:15,1
DA:16,1
DA:17,1
DA:18,1
DA:19,1
DA:20,1
DA:21,1
DA:22,1
DA:23,1
DA:24,1
DA:25,1
DA:26,1
DA:27,1
DA:28,1
DA:29,1
DA:30,1
LF:30
LH:30
BRDA:6,0,0,1
BRDA:10,1,0,1
BRDA:14,2,0,1
BRDA:18,3,0,1
BRDA:24,4,0,1
BRDA:28,5,0,1
BRF:6
BRH:6
end_of_record
TN:
SF:src/services/api/screenerApi.ts
FN:6,runScreener
FN:10,getScreenerJob
FN:14,getPoolPresets
FN:18,getSymbolPool
FN:23,getReviewQueue
FN:27,removeReviewQueueEntry
FN:31,restoreReviewQueueEntry
FNF:7
FNH:7
FNDA:1,runScreener
FNDA:1,getScreenerJob
FNDA:1,getPoolPresets
FNDA:1,getSymbolPool
FNDA:1,getReviewQueue
FNDA:1,removeReviewQueueEntry
FNDA:1,restoreReviewQueueEntry
DA:1,1
DA:2,1
DA:3,1
DA:4,1
DA:5,1
DA:6,1
DA:7,1
DA:8,1
DA:9,1
DA:10,1
DA:11,1
DA:12,1
DA:13,1
DA:14,1
DA:15,1
DA:16,1
DA:17,1
DA:18,1
DA:19,1
DA:20,1
DA:21,1
DA:22,1
DA:23,1
DA:24,1
DA:25,1
DA:26,1
DA:27,1
DA:28,1
DA:29,1
DA:30,1
DA:31,1
DA:32,1
DA:33,1
LF:33
LH:33
BRDA:6,0,0,1
BRDA:10,1,0,1
BRDA:14,2,0,1
BRDA:18,3,0,1
BRDA:19,4,0,0
BRDA:23,5,0,1
BRDA:27,6,0,1
BRDA:31,7,0,1
BRF:8
BRH:7
end_of_record
TN:
SF:src/services/api/watchlistApi.ts
FN:6,getWatchlist
FN:10,addWatchlistItem
FN:14,removeWatchlistItem
FNF:3
FNH:3
FNDA:1,getWatchlist
FNDA:1,addWatchlistItem
FNDA:1,removeWatchlistItem
DA:1,1
DA:2,1
DA:3,1
DA:4,1
DA:5,1
DA:6,1
DA:7,1
DA:8,1
DA:9,1
DA:10,1
DA:11,1
DA:12,1
DA:13,1
DA:14,1
DA:15,1
DA:16,1
LF:16
LH:16
BRDA:6,0,0,1
BRDA:10,1,0,1
BRDA:14,2,0,1
BRF:3
BRH:3
end_of_record
TN:
SF:src/store/useAIStore.ts
FN:31,setActiveSymbol
FN:33,setAnalysis
FN:36,fetchAnalysis
FN:45,addChatMessage
FN:53,setDraft
FNF:5
FNH:4
FNDA:12,setActiveSymbol
FNDA:4,setAnalysis
FNDA:0,fetchAnalysis
FNDA:3,addChatMessage
FNDA:1,setDraft
DA:1,1
DA:2,1
DA:3,1
DA:4,1
DA:5,1
DA:6,1
DA:7,1
DA:8,1
DA:9,1
DA:10,1
DA:11,1
DA:12,1
DA:13,1
DA:14,1
DA:15,1
DA:16,1
DA:17,1
DA:18,1
DA:19,1
DA:20,1
DA:21,1
DA:22,1
DA:23,1
DA:24,1
DA:25,1
DA:26,7
DA:27,7
DA:28,7
DA:29,7
DA:30,7
DA:31,7
DA:32,7
DA:33,7
DA:34,4
DA:35,7
DA:36,7
DA:37,0
DA:38,0
DA:39,0
DA:40,0
DA:41,0
DA:42,0
DA:43,0
DA:44,7
DA:45,7
DA:46,3
DA:47,3
DA:48,3
DA:49,3
DA:50,3
DA:51,3
DA:52,7
DA:53,7
DA:54,1
DA:55,1
DA:56,1
DA:57,1
LF:57
LH:50
BRDA:25,0,0,7
BRDA:31,1,0,12
BRDA:33,2,0,4
BRDA:34,3,0,4
BRDA:45,4,0,3
BRDA:46,5,0,3
BRDA:49,6,0,2
BRDA:53,7,0,1
BRDA:54,8,0,1
BRF:9
BRH:9
end_of_record
TN:
SF:src/store/useAppStore.ts
FN:34,__vite_ssr_import_0__.create.__vite_ssr_import_1__.persist.name
FN:41,setActiveTab
FN:42,setMode
FN:43,addAlert
FN:44,dismissAlert
FN:45,setAccountSize
FN:46,toggleDrawer
FN:47,setDrawerOpen
FN:48,setBannerDismissed
FN:50,partialize
FNF:10
FNH:10
FNDA:14,__vite_ssr_import_0__.create.__vite_ssr_import_1__.persist.name
FNDA:2,setActiveTab
FNDA:3,setMode
FNDA:1,addAlert
FNDA:1,dismissAlert
FNDA:3,setAccountSize
FNDA:1,toggleDrawer
FNDA:1,setDrawerOpen
FNDA:1,setBannerDismissed
FNDA:107,partialize
DA:1,1
DA:2,1
DA:3,1
DA:4,1
DA:5,1
DA:6,1
DA:7,1
DA:8,1
DA:9,1
DA:10,1
DA:11,1
DA:12,1
DA:13,1
DA:14,1
DA:15,1
DA:16,1
DA:17,1
DA:18,1
DA:19,1
DA:20,1
DA:21,1
DA:22,1
DA:23,1
DA:24,1
DA:25,1
DA:26,1
DA:27,1
DA:28,1
DA:29,1
DA:30,1
DA:31,1
DA:32,1
DA:33,1
DA:34,1
DA:35,14
DA:36,14
DA:37,14
DA:38,14
DA:39,14
DA:40,14
DA:41,14
DA:42,14
DA:43,14
DA:44,14
DA:45,14
DA:46,14
DA:47,14
DA:48,14
DA:49,14
DA:50,1
DA:51,1
DA:52,1
DA:53,1
DA:54,1
LF:54
LH:54
BRDA:34,0,0,14
BRDA:41,1,0,2
BRDA:42,2,0,3
BRDA:43,3,0,1
BRDA:43,4,0,1
BRDA:44,5,0,1
BRDA:44,6,0,1
BRDA:44,7,0,1
BRDA:45,8,0,3
BRDA:46,9,0,1
BRDA:46,10,0,1
BRDA:47,11,0,1
BRDA:48,12,0,1
BRDA:50,13,0,107
BRF:14
BRH:14
end_of_record
TN:
SF:src/store/usePortfolioStore.ts
FN:23,setSelectedPositionId
FN:25,fetchPositions
FN:35,fetchDailyReview
FN:45,updateStopPreview
FNF:4
FNH:1
FNDA:3,setSelectedPositionId
FNDA:0,fetchPositions
FNDA:0,fetchDailyReview
FNDA:0,updateStopPreview
DA:1,1
DA:2,1
DA:3,1
DA:4,1
DA:5,1
DA:6,1
DA:7,1
DA:8,1
DA:9,1
DA:10,1
DA:11,1
DA:12,1
DA:13,1
DA:14,1
DA:15,1
DA:16,1
DA:17,1
DA:18,4
DA:19,4
DA:20,4
DA:21,4
DA:22,4
DA:23,4
DA:24,4
DA:25,4
DA:26,0
DA:27,0
DA:28,0
DA:29,0
DA:30,0
DA:31,0
DA:32,0
DA:33,0
DA:34,4
DA:35,4
DA:36,0
DA:37,0
DA:38,0
DA:39,0
DA:40,0
DA:41,0
DA:42,0
DA:43,0
DA:44,4
DA:45,4
DA:46,0
DA:47,0
DA:48,0
DA:49,1
LF:49
LH:30
BRDA:17,0,0,4
BRDA:23,1,0,3
BRF:2
BRH:2
end_of_record
TN:
SF:src/store/useScreenerStore.ts
FN:30,setCandidates
FN:31,setUniverse
FN:32,setPreset
FN:33,setSortBy
FN:34,setLoading
FN:35,setError
FNF:6
FNH:6
FNDA:4,setCandidates
FNDA:1,setUniverse
FNDA:1,setPreset
FNDA:3,setSortBy
FNDA:10,setLoading
FNDA:7,setError
DA:1,1
DA:2,1
DA:3,1
DA:4,1
DA:5,1
DA:6,1
DA:7,1
DA:8,1
DA:9,1
DA:10,1
DA:11,1
DA:12,1
DA:13,1
DA:14,1
DA:15,1
DA:16,1
DA:17,1
DA:18,1
DA:19,1
DA:20,1
DA:21,1
DA:22,1
DA:23,4
DA:24,4
DA:25,4
DA:26,4
DA:27,4
DA:28,4
DA:29,4
DA:30,4
DA:31,4
DA:32,4
DA:33,4
DA:34,4
DA:35,4
DA:36,1
LF:36
LH:36
BRDA:22,0,0,4
BRDA:30,1,0,4
BRDA:31,2,0,1
BRDA:32,3,0,1
BRDA:33,4,0,3
BRDA:34,5,0,10
BRDA:35,6,0,7
BRF:7
BRH:7
end_of_record
TN:
SF:src/store/useSettingsStore.ts
FN:19,setIntradayNewsWindow
FN:21,toggleAlert
FN:29,setSoundEnabled
FN:31,setSetting
FNF:4
FNH:4
FNDA:2,setIntradayNewsWindow
FNDA:4,toggleAlert
FNDA:1,setSoundEnabled
FNDA:3,setSetting
DA:1,1
DA:2,1
DA:3,1
DA:4,1
DA:5,1
DA:6,1
DA:7,1
DA:8,1
DA:9,1
DA:10,1
DA:11,1
DA:12,1
DA:13,1
DA:14,1
DA:15,2
DA:16,2
DA:17,2
DA:18,2
DA:19,2
DA:20,2
DA:21,2
DA:22,4
DA:23,4
DA:24,4
DA:25,4
DA:26,4
DA:27,4
DA:28,2
DA:29,2
DA:30,2
DA:31,2
DA:32,3
DA:33,1
DA:34,3
DA:35,1
DA:36,1
DA:37,1
DA:38,1
DA:39,1
DA:40,1
DA:41,1
DA:42,3
DA:43,1
LF:43
LH:43
BRDA:14,0,0,2
BRDA:19,1,0,2
BRDA:21,2,0,4
BRDA:22,3,0,4
BRDA:25,4,0,3
BRDA:29,5,0,1
BRDA:31,6,0,3
BRDA:32,7,0,1
BRDA:34,8,0,2
BRDA:34,9,0,1
BRDA:38,10,0,1
BRF:11
BRH:11
end_of_record
TN:
SF:src/store/useWatchlistStore.ts
FN:27,setItems
FN:28,setLoading
FN:29,setError
FN:31,addItem
FN:41,removeItem
FN:51,refresh
FNF:6
FNH:5
FNDA:3,setItems
FNDA:1,setLoading
FNDA:1,setError
FNDA:2,addItem
FNDA:1,removeItem
FNDA:0,refresh
DA:1,1
DA:2,1
DA:3,1
DA:4,1
DA:5,1
DA:6,1
DA:7,1
DA:8,1
DA:9,1
DA:10,1
DA:11,1
DA:12,1
DA:13,1
DA:14,1
DA:15,1
DA:16,1
DA:17,1
DA:18,1
DA:19,1
DA:20,1
DA:21,1
DA:22,1
DA:23,3
DA:24,3
DA:25,3
DA:26,3
DA:27,3
DA:28,3
DA:29,3
DA:30,3
DA:31,3
DA:32,2
DA:33,2
DA:34,2
DA:35,1
DA:36,1
DA:37,1
DA:38,1
DA:39,2
DA:40,3
DA:41,3
DA:42,1
DA:43,1
DA:44,1
DA:45,1
DA:46,1
DA:47,0
DA:48,0
DA:49,1
DA:50,3
DA:51,3
DA:52,0
DA:53,0
DA:54,0
DA:55,0
DA:56,0
DA:57,0
DA:58,0
DA:59,0
DA:60,1
LF:60
LH:50
BRDA:22,0,0,3
BRDA:27,1,0,3
BRDA:28,2,0,1
BRDA:29,3,0,1
BRDA:31,4,0,2
BRDA:34,5,0,1
BRDA:37,6,0,0
BRDA:35,7,0,1
BRDA:41,8,0,1
BRDA:46,9,0,0
BRDA:45,10,0,1
BRDA:45,11,0,1
BRF:12
BRH:10
end_of_record
